13-Dec-2023 22:06:34.967 정보 [main] org.apache.catalina.core.StandardServer.await 셧다운 포트를 통해 유효한 셧다운 명령을 받았습니다. 서버 인스턴스를 중지시킵니다.
13-Dec-2023 22:06:34.968 정보 [main] org.apache.coyote.AbstractProtocol.pause 프로토콜 핸들러 ["http-nio-8010"]을(를) 일시 정지 중
13-Dec-2023 22:06:34.969 정보 [main] org.apache.catalina.core.StandardService.stopInternal 서비스 [Catalina]을(를) 중지시킵니다.
13-Dec-2023 22:06:34.974 정보 [localhost-startStop-2] org.apache.catalina.ha.session.DeltaManager.stopInternal 매니저 [localhost#]이(가) 셧다운 시에 세션들을 만료시킵니다.
13-Dec-2023 22:06:35.092 정보 [main] org.apache.coyote.AbstractProtocol.stop 프로토콜 핸들러 ["http-nio-8010"]을(를) 중지시킵니다.
13-Dec-2023 22:06:35.105 정보 [main] org.apache.coyote.AbstractProtocol.destroy 프로토콜 핸들러 ["http-nio-8010"]을(를) 소멸시킵니다.
13-Dec-2023 22:06:40.738 정보 [main] org.apache.catalina.startup.VersionLoggerListener.log 서버 버전 이름:    Apache Tomcat/8.5.96
13-Dec-2023 22:06:40.744 정보 [main] org.apache.catalina.startup.VersionLoggerListener.log Server 빌드 시각:  Nov 10 2023 14:56:59 UTC
13-Dec-2023 22:06:40.744 정보 [main] org.apache.catalina.startup.VersionLoggerListener.log Server 버전 번호:  8.5.96.0
13-Dec-2023 22:06:40.744 정보 [main] org.apache.catalina.startup.VersionLoggerListener.log 운영체제 이름:     Linux
13-Dec-2023 22:06:40.744 정보 [main] org.apache.catalina.startup.VersionLoggerListener.log 운영체제 버전:     4.18.0-513.9.1.el8_9.x86_64
13-Dec-2023 22:06:40.744 정보 [main] org.apache.catalina.startup.VersionLoggerListener.log 아키텍처:          amd64
13-Dec-2023 22:06:40.745 정보 [main] org.apache.catalina.startup.VersionLoggerListener.log 자바 홈:           /usr/lib/jvm/java-1.8.0-openjdk-1.8.0.392.b08-4.el8_8.x86_64/jre
13-Dec-2023 22:06:40.745 정보 [main] org.apache.catalina.startup.VersionLoggerListener.log JVM 버전:          1.8.0_392-b08
13-Dec-2023 22:06:40.745 정보 [main] org.apache.catalina.startup.VersionLoggerListener.log JVM 벤더:          Red Hat, Inc.
13-Dec-2023 22:06:40.745 정보 [main] org.apache.catalina.startup.VersionLoggerListener.log CATALINA_BASE:     /engn/servers/smpl
13-Dec-2023 22:06:40.745 정보 [main] org.apache.catalina.startup.VersionLoggerListener.log CATALINA_HOME:     /engn/tomcat/tomcat-8.5.96
13-Dec-2023 22:06:40.745 정보 [main] org.apache.catalina.startup.VersionLoggerListener.log 명령 행 아규먼트:  -Djava.util.logging.config.file=/engn/servers/smpl/conf/logging.properties
13-Dec-2023 22:06:40.745 정보 [main] org.apache.catalina.startup.VersionLoggerListener.log 명령 행 아규먼트:  -Djava.util.logging.manager=org.apache.juli.ClassLoaderLogManager
13-Dec-2023 22:06:40.745 정보 [main] org.apache.catalina.startup.VersionLoggerListener.log 명령 행 아규먼트:  -Xms512m
13-Dec-2023 22:06:40.745 정보 [main] org.apache.catalina.startup.VersionLoggerListener.log 명령 행 아규먼트:  -Xmx512m
13-Dec-2023 22:06:40.745 정보 [main] org.apache.catalina.startup.VersionLoggerListener.log 명령 행 아규먼트:  -XX:-HeapDumpOnOutOfMemoryError
13-Dec-2023 22:06:40.745 정보 [main] org.apache.catalina.startup.VersionLoggerListener.log 명령 행 아규먼트:  -XX:HeapDumpPath=/logs/smpl
13-Dec-2023 22:06:40.746 정보 [main] org.apache.catalina.startup.VersionLoggerListener.log 명령 행 아규먼트:  -XX:ParallelGCThreads=2
13-Dec-2023 22:06:40.746 정보 [main] org.apache.catalina.startup.VersionLoggerListener.log 명령 행 아규먼트:  -XX:-UseConcMarkSweepGC
13-Dec-2023 22:06:40.746 정보 [main] org.apache.catalina.startup.VersionLoggerListener.log 명령 행 아규먼트:  -XX:-PrintGC
13-Dec-2023 22:06:40.746 정보 [main] org.apache.catalina.startup.VersionLoggerListener.log 명령 행 아규먼트:  -XX:-PrintGCDetails
13-Dec-2023 22:06:40.746 정보 [main] org.apache.catalina.startup.VersionLoggerListener.log 명령 행 아규먼트:  -XX:-PrintGCTimeStamps
13-Dec-2023 22:06:40.746 정보 [main] org.apache.catalina.startup.VersionLoggerListener.log 명령 행 아규먼트:  -XX:-TraceClassUnloading
13-Dec-2023 22:06:40.746 정보 [main] org.apache.catalina.startup.VersionLoggerListener.log 명령 행 아규먼트:  -XX:-TraceClassLoading
13-Dec-2023 22:06:40.746 정보 [main] org.apache.catalina.startup.VersionLoggerListener.log 명령 행 아규먼트:  -Dinstance.id=smpl
13-Dec-2023 22:06:40.746 정보 [main] org.apache.catalina.startup.VersionLoggerListener.log 명령 행 아규먼트:  -Dlog.base=/logs/smpl
13-Dec-2023 22:06:40.746 정보 [main] org.apache.catalina.startup.VersionLoggerListener.log 명령 행 아규먼트:  -Dfile.encoding=utf-8
13-Dec-2023 22:06:40.746 정보 [main] org.apache.catalina.startup.VersionLoggerListener.log 명령 행 아규먼트:  -Djava.library.path=/engn/servers/smpl/lib
13-Dec-2023 22:06:40.746 정보 [main] org.apache.catalina.startup.VersionLoggerListener.log 명령 행 아규먼트:  -Doracle.jdbc.autoCommitSpecCompliant=false
13-Dec-2023 22:06:40.746 정보 [main] org.apache.catalina.startup.VersionLoggerListener.log 명령 행 아규먼트:  -javaagent:/engn/scouter/agent.java/scouter.agent.jar
13-Dec-2023 22:06:40.746 정보 [main] org.apache.catalina.startup.VersionLoggerListener.log 명령 행 아규먼트:  -Dscuter.config=/engn/scouter/agent.java/conf/scouter.conf
13-Dec-2023 22:06:40.746 정보 [main] org.apache.catalina.startup.VersionLoggerListener.log 명령 행 아규먼트:  -Dobj_name=smpl_1
13-Dec-2023 22:06:40.746 정보 [main] org.apache.catalina.startup.VersionLoggerListener.log 명령 행 아규먼트:  -Djava.net.preferIPv4Stack=true
13-Dec-2023 22:06:40.746 정보 [main] org.apache.catalina.startup.VersionLoggerListener.log 명령 행 아규먼트:  -Djdk.tls.ephemeralDHKeySize=2048
13-Dec-2023 22:06:40.746 정보 [main] org.apache.catalina.startup.VersionLoggerListener.log 명령 행 아규먼트:  -Djava.protocol.handler.pkgs=org.apache.catalina.webresources
13-Dec-2023 22:06:40.746 정보 [main] org.apache.catalina.startup.VersionLoggerListener.log 명령 행 아규먼트:  -Dorg.apache.catalina.security.SecurityListener.UMASK=0027
13-Dec-2023 22:06:40.746 정보 [main] org.apache.catalina.startup.VersionLoggerListener.log 명령 행 아규먼트:  -Dignore.endorsed.dirs=
13-Dec-2023 22:06:40.746 정보 [main] org.apache.catalina.startup.VersionLoggerListener.log 명령 행 아규먼트:  -Dcatalina.base=/engn/servers/smpl
13-Dec-2023 22:06:40.746 정보 [main] org.apache.catalina.startup.VersionLoggerListener.log 명령 행 아규먼트:  -Dcatalina.home=/engn/tomcat/tomcat-8.5.96
13-Dec-2023 22:06:40.747 정보 [main] org.apache.catalina.startup.VersionLoggerListener.log 명령 행 아규먼트:  -Djava.io.tmpdir=/engn/tomcat/tomcat-8.5.96/temp
13-Dec-2023 22:06:40.747 정보 [main] org.apache.catalina.core.AprLifecycleListener.lifecycleEvent 프로덕션 환경들에서 최적의 성능을 제공하는, APR 기반 Apache Tomcat Native 라이브러리가, 다음 java.library.path에서 발견되지 않습니다: [/engn/servers/smpl/lib]
13-Dec-2023 22:06:40.774 정보 [main] org.apache.coyote.AbstractProtocol.init 프로토콜 핸들러 ["http-nio-8010"]을(를) 초기화합니다.
13-Dec-2023 22:06:40.785 정보 [main] org.apache.catalina.startup.Catalina.load Initialization processed in 342 ms
13-Dec-2023 22:06:47.204 심각 [main] org.apache.tomcat.jdbc.pool.ConnectionPool.init Unable to create initial connections of pool.
	java.sql.SQLRecoverableException: IO 오류: The Network Adapter could not establish the connection
		at oracle.jdbc.driver.T4CConnection.logon(T4CConnection.java:903)
		at oracle.jdbc.driver.PhysicalConnection.connect(PhysicalConnection.java:820)
		at oracle.jdbc.driver.T4CDriverExtension.getConnection(T4CDriverExtension.java:80)
		at oracle.jdbc.driver.OracleDriver.connect(OracleDriver.java:820)
		at oracle.jdbc.driver.OracleDriver.connect(OracleDriver.java:624)
		at org.apache.tomcat.jdbc.pool.PooledConnection.connectUsingDriver(PooledConnection.java:346)
		at org.apache.tomcat.jdbc.pool.PooledConnection.connect(PooledConnection.java:227)
		at org.apache.tomcat.jdbc.pool.ConnectionPool.createConnection(ConnectionPool.java:767)
		at org.apache.tomcat.jdbc.pool.ConnectionPool.borrowConnection(ConnectionPool.java:695)
		at org.apache.tomcat.jdbc.pool.ConnectionPool.init(ConnectionPool.java:499)
		at org.apache.tomcat.jdbc.pool.ConnectionPool.<init>(ConnectionPool.java:155)
		at org.apache.tomcat.jdbc.pool.DataSourceProxy.pCreatePool(DataSourceProxy.java:118)
		at org.apache.tomcat.jdbc.pool.DataSourceProxy.createPool(DataSourceProxy.java:107)
		at org.apache.tomcat.jdbc.pool.DataSourceFactory.createDataSource(DataSourceFactory.java:560)
		at org.apache.tomcat.jdbc.pool.DataSourceFactory.getObjectInstance(DataSourceFactory.java:244)
		at org.apache.naming.factory.FactoryBase.getObjectInstance(FactoryBase.java:96)
		at javax.naming.spi.NamingManager.getObjectInstance(NamingManager.java:332)
		at org.apache.naming.NamingContext.lookup(NamingContext.java:846)
		at org.apache.naming.NamingContext.lookup(NamingContext.java:157)
		at org.apache.naming.NamingContext.lookup(NamingContext.java:834)
		at org.apache.naming.NamingContext.lookup(NamingContext.java:171)
		at org.apache.catalina.core.NamingContextListener.addResource(NamingContextListener.java:986)
		at org.apache.catalina.core.NamingContextListener.createNamingContext(NamingContextListener.java:536)
		at org.apache.catalina.core.NamingContextListener.lifecycleEvent(NamingContextListener.java:243)
		at org.apache.catalina.util.LifecycleBase.fireLifecycleEvent(LifecycleBase.java:114)
		at org.apache.catalina.core.StandardServer.startInternal(StandardServer.java:768)
		at org.apache.catalina.util.LifecycleBase.start(LifecycleBase.java:171)
		at org.apache.catalina.startup.Catalina.start(Catalina.java:695)
		at sun.reflect.NativeMethodAccessorImpl.invoke0(Native Method)
		at sun.reflect.NativeMethodAccessorImpl.invoke(NativeMethodAccessorImpl.java:62)
		at sun.reflect.DelegatingMethodAccessorImpl.invoke(DelegatingMethodAccessorImpl.java:43)
		at java.lang.reflect.Method.invoke(Method.java:498)
		at org.apache.catalina.startup.Bootstrap.start(Bootstrap.java:347)
		at org.apache.catalina.startup.Bootstrap.main(Bootstrap.java:478)
	Caused by: oracle.net.ns.NetException: The Network Adapter could not establish the connection
		at oracle.net.nt.ConnStrategy.execute(ConnStrategy.java:720)
		at oracle.net.resolver.AddrResolution.resolveAndExecute(AddrResolution.java:586)
		at oracle.net.ns.NSProtocol.establishConnection(NSProtocol.java:729)
		at oracle.net.ns.NSProtocol.connect(NSProtocol.java:340)
		at oracle.jdbc.driver.T4CConnection.connect(T4CConnection.java:1702)
		at oracle.jdbc.driver.T4CConnection.logon(T4CConnection.java:627)
		... 33 more
	Caused by: java.io.IOException: 호스트로 갈 루트가 없음, socket connect lapse 3071 ms. /172.28.200.31 1521 0 1 true
		at oracle.net.nt.TcpNTAdapter.connect(TcpNTAdapter.java:252)
		at oracle.net.nt.ConnOption.connect(ConnOption.java:195)
		at oracle.net.nt.ConnStrategy.execute(ConnStrategy.java:653)
		... 38 more
	Caused by: java.net.NoRouteToHostException: 호스트로 갈 루트가 없음
		at sun.nio.ch.Net.connect0(Native Method)
		at sun.nio.ch.Net.connect(Net.java:482)
		at sun.nio.ch.Net.connect(Net.java:474)
		at sun.nio.ch.SocketChannelImpl.connect(SocketChannelImpl.java:647)
		at java.nio.channels.SocketChannel.open(SocketChannel.java:189)
		at oracle.net.nt.TimeoutSocketChannel.connect(TimeoutSocketChannel.java:109)
		at oracle.net.nt.TimeoutSocketChannel.<init>(TimeoutSocketChannel.java:95)
		at oracle.net.nt.TcpNTAdapter.connect(TcpNTAdapter.java:211)
		... 40 more
13-Dec-2023 22:06:47.205 경고 [main] org.apache.naming.NamingContext.lookup 참조를 결정하는 중 예기치 않은 예외 발생
	java.sql.SQLRecoverableException: IO 오류: The Network Adapter could not establish the connection
		at oracle.jdbc.driver.T4CConnection.logon(T4CConnection.java:903)
		at oracle.jdbc.driver.PhysicalConnection.connect(PhysicalConnection.java:820)
		at oracle.jdbc.driver.T4CDriverExtension.getConnection(T4CDriverExtension.java:80)
		at oracle.jdbc.driver.OracleDriver.connect(OracleDriver.java:820)
		at oracle.jdbc.driver.OracleDriver.connect(OracleDriver.java:624)
		at org.apache.tomcat.jdbc.pool.PooledConnection.connectUsingDriver(PooledConnection.java:346)
		at org.apache.tomcat.jdbc.pool.PooledConnection.connect(PooledConnection.java:227)
		at org.apache.tomcat.jdbc.pool.ConnectionPool.createConnection(ConnectionPool.java:767)
		at org.apache.tomcat.jdbc.pool.ConnectionPool.borrowConnection(ConnectionPool.java:695)
		at org.apache.tomcat.jdbc.pool.ConnectionPool.init(ConnectionPool.java:499)
		at org.apache.tomcat.jdbc.pool.ConnectionPool.<init>(ConnectionPool.java:155)
		at org.apache.tomcat.jdbc.pool.DataSourceProxy.pCreatePool(DataSourceProxy.java:118)
		at org.apache.tomcat.jdbc.pool.DataSourceProxy.createPool(DataSourceProxy.java:107)
		at org.apache.tomcat.jdbc.pool.DataSourceFactory.createDataSource(DataSourceFactory.java:560)
		at org.apache.tomcat.jdbc.pool.DataSourceFactory.getObjectInstance(DataSourceFactory.java:244)
		at org.apache.naming.factory.FactoryBase.getObjectInstance(FactoryBase.java:96)
		at javax.naming.spi.NamingManager.getObjectInstance(NamingManager.java:332)
		at org.apache.naming.NamingContext.lookup(NamingContext.java:846)
		at org.apache.naming.NamingContext.lookup(NamingContext.java:157)
		at org.apache.naming.NamingContext.lookup(NamingContext.java:834)
		at org.apache.naming.NamingContext.lookup(NamingContext.java:171)
		at org.apache.catalina.core.NamingContextListener.addResource(NamingContextListener.java:986)
		at org.apache.catalina.core.NamingContextListener.createNamingContext(NamingContextListener.java:536)
		at org.apache.catalina.core.NamingContextListener.lifecycleEvent(NamingContextListener.java:243)
		at org.apache.catalina.util.LifecycleBase.fireLifecycleEvent(LifecycleBase.java:114)
		at org.apache.catalina.core.StandardServer.startInternal(StandardServer.java:768)
		at org.apache.catalina.util.LifecycleBase.start(LifecycleBase.java:171)
		at org.apache.catalina.startup.Catalina.start(Catalina.java:695)
		at sun.reflect.NativeMethodAccessorImpl.invoke0(Native Method)
		at sun.reflect.NativeMethodAccessorImpl.invoke(NativeMethodAccessorImpl.java:62)
		at sun.reflect.DelegatingMethodAccessorImpl.invoke(DelegatingMethodAccessorImpl.java:43)
		at java.lang.reflect.Method.invoke(Method.java:498)
		at org.apache.catalina.startup.Bootstrap.start(Bootstrap.java:347)
		at org.apache.catalina.startup.Bootstrap.main(Bootstrap.java:478)
	Caused by: oracle.net.ns.NetException: The Network Adapter could not establish the connection
		at oracle.net.nt.ConnStrategy.execute(ConnStrategy.java:720)
		at oracle.net.resolver.AddrResolution.resolveAndExecute(AddrResolution.java:586)
		at oracle.net.ns.NSProtocol.establishConnection(NSProtocol.java:729)
		at oracle.net.ns.NSProtocol.connect(NSProtocol.java:340)
		at oracle.jdbc.driver.T4CConnection.connect(T4CConnection.java:1702)
		at oracle.jdbc.driver.T4CConnection.logon(T4CConnection.java:627)
		... 33 more
	Caused by: java.io.IOException: 호스트로 갈 루트가 없음, socket connect lapse 3071 ms. /172.28.200.31 1521 0 1 true
		at oracle.net.nt.TcpNTAdapter.connect(TcpNTAdapter.java:252)
		at oracle.net.nt.ConnOption.connect(ConnOption.java:195)
		at oracle.net.nt.ConnStrategy.execute(ConnStrategy.java:653)
		... 38 more
	Caused by: java.net.NoRouteToHostException: 호스트로 갈 루트가 없음
		at sun.nio.ch.Net.connect0(Native Method)
		at sun.nio.ch.Net.connect(Net.java:482)
		at sun.nio.ch.Net.connect(Net.java:474)
		at sun.nio.ch.SocketChannelImpl.connect(SocketChannelImpl.java:647)
		at java.nio.channels.SocketChannel.open(SocketChannel.java:189)
		at oracle.net.nt.TimeoutSocketChannel.connect(TimeoutSocketChannel.java:109)
		at oracle.net.nt.TimeoutSocketChannel.<init>(TimeoutSocketChannel.java:95)
		at oracle.net.nt.TcpNTAdapter.connect(TcpNTAdapter.java:211)
		... 40 more
13-Dec-2023 22:06:47.206 경고 [main] org.apache.catalina.core.NamingContextListener.addResource JMX 내에서 등록 실패했습니다: [javax.naming.NamingException: 참조를 결정하는 중 예기치 않은 예외 발생 [Root exception is java.sql.SQLRecoverableException: IO 오류: The Network Adapter could not establish the connection]]
13-Dec-2023 22:06:53.348 심각 [main] org.apache.tomcat.jdbc.pool.ConnectionPool.init Unable to create initial connections of pool.
	java.sql.SQLRecoverableException: IO 오류: The Network Adapter could not establish the connection
		at oracle.jdbc.driver.T4CConnection.logon(T4CConnection.java:903)
		at oracle.jdbc.driver.PhysicalConnection.connect(PhysicalConnection.java:820)
		at oracle.jdbc.driver.T4CDriverExtension.getConnection(T4CDriverExtension.java:80)
		at oracle.jdbc.driver.OracleDriver.connect(OracleDriver.java:820)
		at oracle.jdbc.driver.OracleDriver.connect(OracleDriver.java:624)
		at org.apache.tomcat.jdbc.pool.PooledConnection.connectUsingDriver(PooledConnection.java:346)
		at org.apache.tomcat.jdbc.pool.PooledConnection.connect(PooledConnection.java:227)
		at org.apache.tomcat.jdbc.pool.ConnectionPool.createConnection(ConnectionPool.java:767)
		at org.apache.tomcat.jdbc.pool.ConnectionPool.borrowConnection(ConnectionPool.java:695)
		at org.apache.tomcat.jdbc.pool.ConnectionPool.init(ConnectionPool.java:499)
		at org.apache.tomcat.jdbc.pool.ConnectionPool.<init>(ConnectionPool.java:155)
		at org.apache.tomcat.jdbc.pool.DataSourceProxy.pCreatePool(DataSourceProxy.java:118)
		at org.apache.tomcat.jdbc.pool.DataSourceProxy.createPool(DataSourceProxy.java:107)
		at org.apache.tomcat.jdbc.pool.DataSourceFactory.createDataSource(DataSourceFactory.java:560)
		at org.apache.tomcat.jdbc.pool.DataSourceFactory.getObjectInstance(DataSourceFactory.java:244)
		at org.apache.naming.factory.FactoryBase.getObjectInstance(FactoryBase.java:96)
		at javax.naming.spi.NamingManager.getObjectInstance(NamingManager.java:332)
		at org.apache.naming.NamingContext.lookup(NamingContext.java:846)
		at org.apache.naming.NamingContext.lookup(NamingContext.java:157)
		at org.apache.naming.NamingContextBindingsEnumeration.nextElementInternal(NamingContextBindingsEnumeration.java:115)
		at org.apache.naming.NamingContextBindingsEnumeration.next(NamingContextBindingsEnumeration.java:69)
		at org.apache.naming.NamingContextBindingsEnumeration.next(NamingContextBindingsEnumeration.java:32)
		at org.apache.catalina.mbeans.GlobalResourcesLifecycleListener.createMBeans(GlobalResourcesLifecycleListener.java:137)
		at org.apache.catalina.mbeans.GlobalResourcesLifecycleListener.createMBeans(GlobalResourcesLifecycleListener.java:144)
		at org.apache.catalina.mbeans.GlobalResourcesLifecycleListener.createMBeans(GlobalResourcesLifecycleListener.java:113)
		at org.apache.catalina.mbeans.GlobalResourcesLifecycleListener.lifecycleEvent(GlobalResourcesLifecycleListener.java:88)
		at org.apache.catalina.util.LifecycleBase.fireLifecycleEvent(LifecycleBase.java:114)
		at org.apache.catalina.util.LifecycleBase.setStateInternal(LifecycleBase.java:402)
		at org.apache.catalina.util.LifecycleBase.setState(LifecycleBase.java:345)
		at org.apache.catalina.core.StandardServer.startInternal(StandardServer.java:769)
		at org.apache.catalina.util.LifecycleBase.start(LifecycleBase.java:171)
		at org.apache.catalina.startup.Catalina.start(Catalina.java:695)
		at sun.reflect.NativeMethodAccessorImpl.invoke0(Native Method)
		at sun.reflect.NativeMethodAccessorImpl.invoke(NativeMethodAccessorImpl.java:62)
		at sun.reflect.DelegatingMethodAccessorImpl.invoke(DelegatingMethodAccessorImpl.java:43)
		at java.lang.reflect.Method.invoke(Method.java:498)
		at org.apache.catalina.startup.Bootstrap.start(Bootstrap.java:347)
		at org.apache.catalina.startup.Bootstrap.main(Bootstrap.java:478)
	Caused by: oracle.net.ns.NetException: The Network Adapter could not establish the connection
		at oracle.net.nt.ConnStrategy.execute(ConnStrategy.java:720)
		at oracle.net.resolver.AddrResolution.resolveAndExecute(AddrResolution.java:586)
		at oracle.net.ns.NSProtocol.establishConnection(NSProtocol.java:729)
		at oracle.net.ns.NSProtocol.connect(NSProtocol.java:340)
		at oracle.jdbc.driver.T4CConnection.connect(T4CConnection.java:1702)
		at oracle.jdbc.driver.T4CConnection.logon(T4CConnection.java:627)
		... 37 more
	Caused by: java.io.IOException: 호스트로 갈 루트가 없음, socket connect lapse 3074 ms. /172.28.200.31 1521 0 1 true
		at oracle.net.nt.TcpNTAdapter.connect(TcpNTAdapter.java:252)
		at oracle.net.nt.ConnOption.connect(ConnOption.java:195)
		at oracle.net.nt.ConnStrategy.execute(ConnStrategy.java:653)
		... 42 more
	Caused by: java.net.NoRouteToHostException: 호스트로 갈 루트가 없음
		at sun.nio.ch.Net.connect0(Native Method)
		at sun.nio.ch.Net.connect(Net.java:482)
		at sun.nio.ch.Net.connect(Net.java:474)
		at sun.nio.ch.SocketChannelImpl.connect(SocketChannelImpl.java:647)
		at java.nio.channels.SocketChannel.open(SocketChannel.java:189)
		at oracle.net.nt.TimeoutSocketChannel.connect(TimeoutSocketChannel.java:109)
		at oracle.net.nt.TimeoutSocketChannel.<init>(TimeoutSocketChannel.java:95)
		at oracle.net.nt.TcpNTAdapter.connect(TcpNTAdapter.java:211)
		... 44 more
13-Dec-2023 22:06:53.348 경고 [main] org.apache.naming.NamingContext.lookup 참조를 결정하는 중 예기치 않은 예외 발생
	java.sql.SQLRecoverableException: IO 오류: The Network Adapter could not establish the connection
		at oracle.jdbc.driver.T4CConnection.logon(T4CConnection.java:903)
		at oracle.jdbc.driver.PhysicalConnection.connect(PhysicalConnection.java:820)
		at oracle.jdbc.driver.T4CDriverExtension.getConnection(T4CDriverExtension.java:80)
		at oracle.jdbc.driver.OracleDriver.connect(OracleDriver.java:820)
		at oracle.jdbc.driver.OracleDriver.connect(OracleDriver.java:624)
		at org.apache.tomcat.jdbc.pool.PooledConnection.connectUsingDriver(PooledConnection.java:346)
		at org.apache.tomcat.jdbc.pool.PooledConnection.connect(PooledConnection.java:227)
		at org.apache.tomcat.jdbc.pool.ConnectionPool.createConnection(ConnectionPool.java:767)
		at org.apache.tomcat.jdbc.pool.ConnectionPool.borrowConnection(ConnectionPool.java:695)
		at org.apache.tomcat.jdbc.pool.ConnectionPool.init(ConnectionPool.java:499)
		at org.apache.tomcat.jdbc.pool.ConnectionPool.<init>(ConnectionPool.java:155)
		at org.apache.tomcat.jdbc.pool.DataSourceProxy.pCreatePool(DataSourceProxy.java:118)
		at org.apache.tomcat.jdbc.pool.DataSourceProxy.createPool(DataSourceProxy.java:107)
		at org.apache.tomcat.jdbc.pool.DataSourceFactory.createDataSource(DataSourceFactory.java:560)
		at org.apache.tomcat.jdbc.pool.DataSourceFactory.getObjectInstance(DataSourceFactory.java:244)
		at org.apache.naming.factory.FactoryBase.getObjectInstance(FactoryBase.java:96)
		at javax.naming.spi.NamingManager.getObjectInstance(NamingManager.java:332)
		at org.apache.naming.NamingContext.lookup(NamingContext.java:846)
		at org.apache.naming.NamingContext.lookup(NamingContext.java:157)
		at org.apache.naming.NamingContextBindingsEnumeration.nextElementInternal(NamingContextBindingsEnumeration.java:115)
		at org.apache.naming.NamingContextBindingsEnumeration.next(NamingContextBindingsEnumeration.java:69)
		at org.apache.naming.NamingContextBindingsEnumeration.next(NamingContextBindingsEnumeration.java:32)
		at org.apache.catalina.mbeans.GlobalResourcesLifecycleListener.createMBeans(GlobalResourcesLifecycleListener.java:137)
		at org.apache.catalina.mbeans.GlobalResourcesLifecycleListener.createMBeans(GlobalResourcesLifecycleListener.java:144)
		at org.apache.catalina.mbeans.GlobalResourcesLifecycleListener.createMBeans(GlobalResourcesLifecycleListener.java:113)
		at org.apache.catalina.mbeans.GlobalResourcesLifecycleListener.lifecycleEvent(GlobalResourcesLifecycleListener.java:88)
		at org.apache.catalina.util.LifecycleBase.fireLifecycleEvent(LifecycleBase.java:114)
		at org.apache.catalina.util.LifecycleBase.setStateInternal(LifecycleBase.java:402)
		at org.apache.catalina.util.LifecycleBase.setState(LifecycleBase.java:345)
		at org.apache.catalina.core.StandardServer.startInternal(StandardServer.java:769)
		at org.apache.catalina.util.LifecycleBase.start(LifecycleBase.java:171)
		at org.apache.catalina.startup.Catalina.start(Catalina.java:695)
		at sun.reflect.NativeMethodAccessorImpl.invoke0(Native Method)
		at sun.reflect.NativeMethodAccessorImpl.invoke(NativeMethodAccessorImpl.java:62)
		at sun.reflect.DelegatingMethodAccessorImpl.invoke(DelegatingMethodAccessorImpl.java:43)
		at java.lang.reflect.Method.invoke(Method.java:498)
		at org.apache.catalina.startup.Bootstrap.start(Bootstrap.java:347)
		at org.apache.catalina.startup.Bootstrap.main(Bootstrap.java:478)
	Caused by: oracle.net.ns.NetException: The Network Adapter could not establish the connection
		at oracle.net.nt.ConnStrategy.execute(ConnStrategy.java:720)
		at oracle.net.resolver.AddrResolution.resolveAndExecute(AddrResolution.java:586)
		at oracle.net.ns.NSProtocol.establishConnection(NSProtocol.java:729)
		at oracle.net.ns.NSProtocol.connect(NSProtocol.java:340)
		at oracle.jdbc.driver.T4CConnection.connect(T4CConnection.java:1702)
		at oracle.jdbc.driver.T4CConnection.logon(T4CConnection.java:627)
		... 37 more
	Caused by: java.io.IOException: 호스트로 갈 루트가 없음, socket connect lapse 3074 ms. /172.28.200.31 1521 0 1 true
		at oracle.net.nt.TcpNTAdapter.connect(TcpNTAdapter.java:252)
		at oracle.net.nt.ConnOption.connect(ConnOption.java:195)
		at oracle.net.nt.ConnStrategy.execute(ConnStrategy.java:653)
		... 42 more
	Caused by: java.net.NoRouteToHostException: 호스트로 갈 루트가 없음
		at sun.nio.ch.Net.connect0(Native Method)
		at sun.nio.ch.Net.connect(Net.java:482)
		at sun.nio.ch.Net.connect(Net.java:474)
		at sun.nio.ch.SocketChannelImpl.connect(SocketChannelImpl.java:647)
		at java.nio.channels.SocketChannel.open(SocketChannel.java:189)
		at oracle.net.nt.TimeoutSocketChannel.connect(TimeoutSocketChannel.java:109)
		at oracle.net.nt.TimeoutSocketChannel.<init>(TimeoutSocketChannel.java:95)
		at oracle.net.nt.TcpNTAdapter.connect(TcpNTAdapter.java:211)
		... 44 more
13-Dec-2023 22:06:53.349 심각 [main] org.apache.catalina.mbeans.GlobalResourcesLifecycleListener.createMBeans 글로벌 JNDI 리소스들을 처리하는 중 예외 발생
	javax.naming.NamingException: 참조를 결정하는 중 예기치 않은 예외 발생 [Root exception is java.sql.SQLRecoverableException: IO 오류: The Network Adapter could not establish the connection]
		at org.apache.naming.NamingContext.lookup(NamingContext.java:865)
		at org.apache.naming.NamingContext.lookup(NamingContext.java:157)
		at org.apache.naming.NamingContextBindingsEnumeration.nextElementInternal(NamingContextBindingsEnumeration.java:115)
		at org.apache.naming.NamingContextBindingsEnumeration.next(NamingContextBindingsEnumeration.java:69)
		at org.apache.naming.NamingContextBindingsEnumeration.next(NamingContextBindingsEnumeration.java:32)
		at org.apache.catalina.mbeans.GlobalResourcesLifecycleListener.createMBeans(GlobalResourcesLifecycleListener.java:137)
		at org.apache.catalina.mbeans.GlobalResourcesLifecycleListener.createMBeans(GlobalResourcesLifecycleListener.java:144)
		at org.apache.catalina.mbeans.GlobalResourcesLifecycleListener.createMBeans(GlobalResourcesLifecycleListener.java:113)
		at org.apache.catalina.mbeans.GlobalResourcesLifecycleListener.lifecycleEvent(GlobalResourcesLifecycleListener.java:88)
		at org.apache.catalina.util.LifecycleBase.fireLifecycleEvent(LifecycleBase.java:114)
		at org.apache.catalina.util.LifecycleBase.setStateInternal(LifecycleBase.java:402)
		at org.apache.catalina.util.LifecycleBase.setState(LifecycleBase.java:345)
		at org.apache.catalina.core.StandardServer.startInternal(StandardServer.java:769)
		at org.apache.catalina.util.LifecycleBase.start(LifecycleBase.java:171)
		at org.apache.catalina.startup.Catalina.start(Catalina.java:695)
		at sun.reflect.NativeMethodAccessorImpl.invoke0(Native Method)
		at sun.reflect.NativeMethodAccessorImpl.invoke(NativeMethodAccessorImpl.java:62)
		at sun.reflect.DelegatingMethodAccessorImpl.invoke(DelegatingMethodAccessorImpl.java:43)
		at java.lang.reflect.Method.invoke(Method.java:498)
		at org.apache.catalina.startup.Bootstrap.start(Bootstrap.java:347)
		at org.apache.catalina.startup.Bootstrap.main(Bootstrap.java:478)
	Caused by: java.sql.SQLRecoverableException: IO 오류: The Network Adapter could not establish the connection
		at oracle.jdbc.driver.T4CConnection.logon(T4CConnection.java:903)
		at oracle.jdbc.driver.PhysicalConnection.connect(PhysicalConnection.java:820)
		at oracle.jdbc.driver.T4CDriverExtension.getConnection(T4CDriverExtension.java:80)
		at oracle.jdbc.driver.OracleDriver.connect(OracleDriver.java:820)
		at oracle.jdbc.driver.OracleDriver.connect(OracleDriver.java:624)
		at org.apache.tomcat.jdbc.pool.PooledConnection.connectUsingDriver(PooledConnection.java:346)
		at org.apache.tomcat.jdbc.pool.PooledConnection.connect(PooledConnection.java:227)
		at org.apache.tomcat.jdbc.pool.ConnectionPool.createConnection(ConnectionPool.java:767)
		at org.apache.tomcat.jdbc.pool.ConnectionPool.borrowConnection(ConnectionPool.java:695)
		at org.apache.tomcat.jdbc.pool.ConnectionPool.init(ConnectionPool.java:499)
		at org.apache.tomcat.jdbc.pool.ConnectionPool.<init>(ConnectionPool.java:155)
		at org.apache.tomcat.jdbc.pool.DataSourceProxy.pCreatePool(DataSourceProxy.java:118)
		at org.apache.tomcat.jdbc.pool.DataSourceProxy.createPool(DataSourceProxy.java:107)
		at org.apache.tomcat.jdbc.pool.DataSourceFactory.createDataSource(DataSourceFactory.java:560)
		at org.apache.tomcat.jdbc.pool.DataSourceFactory.getObjectInstance(DataSourceFactory.java:244)
		at org.apache.naming.factory.FactoryBase.getObjectInstance(FactoryBase.java:96)
		at javax.naming.spi.NamingManager.getObjectInstance(NamingManager.java:332)
		at org.apache.naming.NamingContext.lookup(NamingContext.java:846)
		... 20 more
	Caused by: oracle.net.ns.NetException: The Network Adapter could not establish the connection
		at oracle.net.nt.ConnStrategy.execute(ConnStrategy.java:720)
		at oracle.net.resolver.AddrResolution.resolveAndExecute(AddrResolution.java:586)
		at oracle.net.ns.NSProtocol.establishConnection(NSProtocol.java:729)
		at oracle.net.ns.NSProtocol.connect(NSProtocol.java:340)
		at oracle.jdbc.driver.T4CConnection.connect(T4CConnection.java:1702)
		at oracle.jdbc.driver.T4CConnection.logon(T4CConnection.java:627)
		... 37 more
	Caused by: java.io.IOException: 호스트로 갈 루트가 없음, socket connect lapse 3074 ms. /172.28.200.31 1521 0 1 true
		at oracle.net.nt.TcpNTAdapter.connect(TcpNTAdapter.java:252)
		at oracle.net.nt.ConnOption.connect(ConnOption.java:195)
		at oracle.net.nt.ConnStrategy.execute(ConnStrategy.java:653)
		... 42 more
	Caused by: java.net.NoRouteToHostException: 호스트로 갈 루트가 없음
		at sun.nio.ch.Net.connect0(Native Method)
		at sun.nio.ch.Net.connect(Net.java:482)
		at sun.nio.ch.Net.connect(Net.java:474)
		at sun.nio.ch.SocketChannelImpl.connect(SocketChannelImpl.java:647)
		at java.nio.channels.SocketChannel.open(SocketChannel.java:189)
		at oracle.net.nt.TimeoutSocketChannel.connect(TimeoutSocketChannel.java:109)
		at oracle.net.nt.TimeoutSocketChannel.<init>(TimeoutSocketChannel.java:95)
		at oracle.net.nt.TcpNTAdapter.connect(TcpNTAdapter.java:211)
		... 44 more
13-Dec-2023 22:06:53.349 정보 [main] org.apache.catalina.core.StandardService.startInternal 서비스 [Catalina]을(를) 시작합니다.
13-Dec-2023 22:06:53.349 정보 [main] org.apache.catalina.core.StandardEngine.startInternal 서버 엔진을 시작합니다: [Apache Tomcat/8.5.96]
13-Dec-2023 22:06:53.353 정보 [main] org.apache.catalina.ha.tcp.SimpleTcpCluster.startInternal 클러스터가 막 시작하려 합니다.
13-Dec-2023 22:06:53.359 정보 [main] org.apache.catalina.tribes.transport.ReceiverBase.bind Receiver 서버 소켓이 [/127.0.0.1:4010]에 바인딩 되었습니다.
13-Dec-2023 22:06:53.377 정보 [localhost-startStop-1] org.apache.catalina.startup.HostConfig.deployDescriptor 배치 descriptor [/engn/servers/smpl/conf/Catalina/localhost/ROOT.xml]을(를) 배치합니다.
13-Dec-2023 22:06:53.604 정보 [localhost-startStop-1] org.apache.jasper.servlet.TldScanner.scanJars 적어도 하나의 JAR가 TLD들을 찾기 위해 스캔되었으나 아무 것도 찾지 못했습니다. 스캔했으나 TLD가 없는 JAR들의 전체 목록을 보시려면, 로그 레벨을 디버그 레벨로 설정하십시오. 스캔 과정에서 불필요한 JAR들을 건너뛰면, 시스템 시작 시간과 JSP 컴파일 시간을 단축시킬 수 있습니다.
13-Dec-2023 22:06:53.617 정보 [localhost-startStop-1] org.apache.catalina.ha.session.DeltaManager.startInternal 매니저 [localhost#]을(를), [Catalina](이)라는 이름의 클러스터 엘리먼트 [Engine](으)로 등록합니다.
13-Dec-2023 22:06:53.617 정보 [localhost-startStop-1] org.apache.catalina.ha.session.DeltaManager.startInternal [localhost#]에서 클러스터 매니저를 시작합니다.
13-Dec-2023 22:06:53.617 정보 [localhost-startStop-1] org.apache.catalina.ha.session.DeltaManager.getAllClusterSessions 매니저 [localhost#]: 상태 이전 작업을 건너뜁니다. 클러스터 그룹 내에 활성화된 멤버가 없습니다.
13-Dec-2023 22:06:53.623 정보 [localhost-startStop-1] org.apache.catalina.startup.HostConfig.deployDescriptor 배치 descriptor [/engn/servers/smpl/conf/Catalina/localhost/ROOT.xml]의 배치가 [246] 밀리초 내에 완료되었습니다.
13-Dec-2023 22:06:53.633 정보 [main] org.apache.coyote.AbstractProtocol.start 프로토콜 핸들러 ["http-nio-8010"]을(를) 시작합니다.
13-Dec-2023 22:06:53.640 정보 [main] org.apache.catalina.startup.Catalina.start Server startup in 12855 ms
13-Dec-2023 22:08:22.292 심각 [Tomcat JDBC Pool Cleaner[1030870354:1702472857286]] org.apache.tomcat.jdbc.pool.PooledConnection.validate SQL Validation error
	java.sql.SQLRecoverableException: 소켓에서 읽을 데이터가 없습니다
		at oracle.jdbc.driver.T4CMAREngineNIO.prepareForUnmarshall(T4CMAREngineNIO.java:811)
		at oracle.jdbc.driver.T4CMAREngineNIO.unmarshalUB1(T4CMAREngineNIO.java:449)
		at oracle.jdbc.driver.T4CTTIfun.receive(T4CTTIfun.java:410)
		at oracle.jdbc.driver.T4CTTIfun.doRPC(T4CTTIfun.java:269)
		at oracle.jdbc.driver.T4C8Oall.doOALL(T4C8Oall.java:655)
		at oracle.jdbc.driver.T4CStatement.doOall8(T4CStatement.java:229)
		at oracle.jdbc.driver.T4CStatement.doOall8(T4CStatement.java:41)
		at oracle.jdbc.driver.T4CStatement.executeForDescribe(T4CStatement.java:765)
		at oracle.jdbc.driver.OracleStatement.executeMaybeDescribe(OracleStatement.java:991)
		at oracle.jdbc.driver.OracleStatement.doExecuteWithTimeout(OracleStatement.java:1176)
		at oracle.jdbc.driver.OracleStatement.executeInternal(OracleStatement.java:1831)
		at oracle.jdbc.driver.OracleStatement.execute(OracleStatement.java:1786)
		at oracle.jdbc.driver.OracleStatementWrapper.execute(OracleStatementWrapper.java:303)
		at org.apache.tomcat.jdbc.pool.PooledConnection.validate(PooledConnection.java:576)
		at org.apache.tomcat.jdbc.pool.PooledConnection.validate(PooledConnection.java:478)
		at org.apache.tomcat.jdbc.pool.ConnectionPool.testAllIdle(ConnectionPool.java:1148)
		at org.apache.tomcat.jdbc.pool.ConnectionPool$PoolCleaner.run(ConnectionPool.java:1552)
		at java.util.TimerThread.mainLoop(Timer.java:555)
		at java.util.TimerThread.run(Timer.java:505)
13-Dec-2023 22:08:22.293 심각 [Tomcat JDBC Pool Cleaner[1030870354:1702472857286]] org.apache.tomcat.jdbc.pool.PooledConnection.validate SQL Validation error
	java.sql.SQLRecoverableException: 소켓에서 읽을 데이터가 없습니다
		at oracle.jdbc.driver.T4CMAREngineNIO.prepareForUnmarshall(T4CMAREngineNIO.java:811)
		at oracle.jdbc.driver.T4CMAREngineNIO.unmarshalUB1(T4CMAREngineNIO.java:449)
		at oracle.jdbc.driver.T4CTTIfun.receive(T4CTTIfun.java:410)
		at oracle.jdbc.driver.T4CTTIfun.doRPC(T4CTTIfun.java:269)
		at oracle.jdbc.driver.T4C8Oall.doOALL(T4C8Oall.java:655)
		at oracle.jdbc.driver.T4CStatement.doOall8(T4CStatement.java:229)
		at oracle.jdbc.driver.T4CStatement.doOall8(T4CStatement.java:41)
		at oracle.jdbc.driver.T4CStatement.executeForDescribe(T4CStatement.java:765)
		at oracle.jdbc.driver.OracleStatement.executeMaybeDescribe(OracleStatement.java:991)
		at oracle.jdbc.driver.OracleStatement.doExecuteWithTimeout(OracleStatement.java:1176)
		at oracle.jdbc.driver.OracleStatement.executeInternal(OracleStatement.java:1831)
		at oracle.jdbc.driver.OracleStatement.execute(OracleStatement.java:1786)
		at oracle.jdbc.driver.OracleStatementWrapper.execute(OracleStatementWrapper.java:303)
		at org.apache.tomcat.jdbc.pool.PooledConnection.validate(PooledConnection.java:576)
		at org.apache.tomcat.jdbc.pool.PooledConnection.validate(PooledConnection.java:478)
		at org.apache.tomcat.jdbc.pool.ConnectionPool.testAllIdle(ConnectionPool.java:1148)
		at org.apache.tomcat.jdbc.pool.ConnectionPool$PoolCleaner.run(ConnectionPool.java:1552)
		at java.util.TimerThread.mainLoop(Timer.java:555)
		at java.util.TimerThread.run(Timer.java:505)
13-Dec-2023 22:08:22.294 심각 [Tomcat JDBC Pool Cleaner[1030870354:1702472857286]] org.apache.tomcat.jdbc.pool.PooledConnection.validate SQL Validation error
	java.sql.SQLRecoverableException: 소켓에서 읽을 데이터가 없습니다
		at oracle.jdbc.driver.T4CMAREngineNIO.prepareForUnmarshall(T4CMAREngineNIO.java:811)
		at oracle.jdbc.driver.T4CMAREngineNIO.unmarshalUB1(T4CMAREngineNIO.java:449)
		at oracle.jdbc.driver.T4CTTIfun.receive(T4CTTIfun.java:410)
		at oracle.jdbc.driver.T4CTTIfun.doRPC(T4CTTIfun.java:269)
		at oracle.jdbc.driver.T4C8Oall.doOALL(T4C8Oall.java:655)
		at oracle.jdbc.driver.T4CStatement.doOall8(T4CStatement.java:229)
		at oracle.jdbc.driver.T4CStatement.doOall8(T4CStatement.java:41)
		at oracle.jdbc.driver.T4CStatement.executeForDescribe(T4CStatement.java:765)
		at oracle.jdbc.driver.OracleStatement.executeMaybeDescribe(OracleStatement.java:991)
		at oracle.jdbc.driver.OracleStatement.doExecuteWithTimeout(OracleStatement.java:1176)
		at oracle.jdbc.driver.OracleStatement.executeInternal(OracleStatement.java:1831)
		at oracle.jdbc.driver.OracleStatement.execute(OracleStatement.java:1786)
		at oracle.jdbc.driver.OracleStatementWrapper.execute(OracleStatementWrapper.java:303)
		at org.apache.tomcat.jdbc.pool.PooledConnection.validate(PooledConnection.java:576)
		at org.apache.tomcat.jdbc.pool.PooledConnection.validate(PooledConnection.java:478)
		at org.apache.tomcat.jdbc.pool.ConnectionPool.testAllIdle(ConnectionPool.java:1148)
		at org.apache.tomcat.jdbc.pool.ConnectionPool$PoolCleaner.run(ConnectionPool.java:1552)
		at java.util.TimerThread.mainLoop(Timer.java:555)
		at java.util.TimerThread.run(Timer.java:505)
13-Dec-2023 22:08:22.294 심각 [Tomcat JDBC Pool Cleaner[1030870354:1702472857286]] org.apache.tomcat.jdbc.pool.PooledConnection.validate SQL Validation error
	java.sql.SQLRecoverableException: 소켓에서 읽을 데이터가 없습니다
		at oracle.jdbc.driver.T4CMAREngineNIO.prepareForUnmarshall(T4CMAREngineNIO.java:811)
		at oracle.jdbc.driver.T4CMAREngineNIO.unmarshalUB1(T4CMAREngineNIO.java:449)
		at oracle.jdbc.driver.T4CTTIfun.receive(T4CTTIfun.java:410)
		at oracle.jdbc.driver.T4CTTIfun.doRPC(T4CTTIfun.java:269)
		at oracle.jdbc.driver.T4C8Oall.doOALL(T4C8Oall.java:655)
		at oracle.jdbc.driver.T4CStatement.doOall8(T4CStatement.java:229)
		at oracle.jdbc.driver.T4CStatement.doOall8(T4CStatement.java:41)
		at oracle.jdbc.driver.T4CStatement.executeForDescribe(T4CStatement.java:765)
		at oracle.jdbc.driver.OracleStatement.executeMaybeDescribe(OracleStatement.java:991)
		at oracle.jdbc.driver.OracleStatement.doExecuteWithTimeout(OracleStatement.java:1176)
		at oracle.jdbc.driver.OracleStatement.executeInternal(OracleStatement.java:1831)
		at oracle.jdbc.driver.OracleStatement.execute(OracleStatement.java:1786)
		at oracle.jdbc.driver.OracleStatementWrapper.execute(OracleStatementWrapper.java:303)
		at org.apache.tomcat.jdbc.pool.PooledConnection.validate(PooledConnection.java:576)
		at org.apache.tomcat.jdbc.pool.PooledConnection.validate(PooledConnection.java:478)
		at org.apache.tomcat.jdbc.pool.ConnectionPool.testAllIdle(ConnectionPool.java:1148)
		at org.apache.tomcat.jdbc.pool.ConnectionPool$PoolCleaner.run(ConnectionPool.java:1552)
		at java.util.TimerThread.mainLoop(Timer.java:555)
		at java.util.TimerThread.run(Timer.java:505)
13-Dec-2023 22:08:22.294 심각 [Tomcat JDBC Pool Cleaner[1030870354:1702472857286]] org.apache.tomcat.jdbc.pool.PooledConnection.validate SQL Validation error
	java.sql.SQLRecoverableException: 소켓에서 읽을 데이터가 없습니다
		at oracle.jdbc.driver.T4CMAREngineNIO.prepareForUnmarshall(T4CMAREngineNIO.java:811)
		at oracle.jdbc.driver.T4CMAREngineNIO.unmarshalUB1(T4CMAREngineNIO.java:449)
		at oracle.jdbc.driver.T4CTTIfun.receive(T4CTTIfun.java:410)
		at oracle.jdbc.driver.T4CTTIfun.doRPC(T4CTTIfun.java:269)
		at oracle.jdbc.driver.T4C8Oall.doOALL(T4C8Oall.java:655)
		at oracle.jdbc.driver.T4CStatement.doOall8(T4CStatement.java:229)
		at oracle.jdbc.driver.T4CStatement.doOall8(T4CStatement.java:41)
		at oracle.jdbc.driver.T4CStatement.executeForDescribe(T4CStatement.java:765)
		at oracle.jdbc.driver.OracleStatement.executeMaybeDescribe(OracleStatement.java:991)
		at oracle.jdbc.driver.OracleStatement.doExecuteWithTimeout(OracleStatement.java:1176)
		at oracle.jdbc.driver.OracleStatement.executeInternal(OracleStatement.java:1831)
		at oracle.jdbc.driver.OracleStatement.execute(OracleStatement.java:1786)
		at oracle.jdbc.driver.OracleStatementWrapper.execute(OracleStatementWrapper.java:303)
		at org.apache.tomcat.jdbc.pool.PooledConnection.validate(PooledConnection.java:576)
		at org.apache.tomcat.jdbc.pool.PooledConnection.validate(PooledConnection.java:478)
		at org.apache.tomcat.jdbc.pool.ConnectionPool.testAllIdle(ConnectionPool.java:1148)
		at org.apache.tomcat.jdbc.pool.ConnectionPool$PoolCleaner.run(ConnectionPool.java:1552)
		at java.util.TimerThread.mainLoop(Timer.java:555)
		at java.util.TimerThread.run(Timer.java:505)
13-Dec-2023 22:08:22.295 심각 [Tomcat JDBC Pool Cleaner[1030870354:1702472857286]] org.apache.tomcat.jdbc.pool.PooledConnection.validate SQL Validation error
	java.sql.SQLRecoverableException: 소켓에서 읽을 데이터가 없습니다
		at oracle.jdbc.driver.T4CMAREngineNIO.prepareForUnmarshall(T4CMAREngineNIO.java:811)
		at oracle.jdbc.driver.T4CMAREngineNIO.unmarshalUB1(T4CMAREngineNIO.java:449)
		at oracle.jdbc.driver.T4CTTIfun.receive(T4CTTIfun.java:410)
		at oracle.jdbc.driver.T4CTTIfun.doRPC(T4CTTIfun.java:269)
		at oracle.jdbc.driver.T4C8Oall.doOALL(T4C8Oall.java:655)
		at oracle.jdbc.driver.T4CStatement.doOall8(T4CStatement.java:229)
		at oracle.jdbc.driver.T4CStatement.doOall8(T4CStatement.java:41)
		at oracle.jdbc.driver.T4CStatement.executeForDescribe(T4CStatement.java:765)
		at oracle.jdbc.driver.OracleStatement.executeMaybeDescribe(OracleStatement.java:991)
		at oracle.jdbc.driver.OracleStatement.doExecuteWithTimeout(OracleStatement.java:1176)
		at oracle.jdbc.driver.OracleStatement.executeInternal(OracleStatement.java:1831)
		at oracle.jdbc.driver.OracleStatement.execute(OracleStatement.java:1786)
		at oracle.jdbc.driver.OracleStatementWrapper.execute(OracleStatementWrapper.java:303)
		at org.apache.tomcat.jdbc.pool.PooledConnection.validate(PooledConnection.java:576)
		at org.apache.tomcat.jdbc.pool.PooledConnection.validate(PooledConnection.java:478)
		at org.apache.tomcat.jdbc.pool.ConnectionPool.testAllIdle(ConnectionPool.java:1148)
		at org.apache.tomcat.jdbc.pool.ConnectionPool$PoolCleaner.run(ConnectionPool.java:1552)
		at java.util.TimerThread.mainLoop(Timer.java:555)
		at java.util.TimerThread.run(Timer.java:505)
13-Dec-2023 22:08:22.295 심각 [Tomcat JDBC Pool Cleaner[1030870354:1702472857286]] org.apache.tomcat.jdbc.pool.PooledConnection.validate SQL Validation error
	java.sql.SQLRecoverableException: 소켓에서 읽을 데이터가 없습니다
		at oracle.jdbc.driver.T4CMAREngineNIO.prepareForUnmarshall(T4CMAREngineNIO.java:811)
		at oracle.jdbc.driver.T4CMAREngineNIO.unmarshalUB1(T4CMAREngineNIO.java:449)
		at oracle.jdbc.driver.T4CTTIfun.receive(T4CTTIfun.java:410)
		at oracle.jdbc.driver.T4CTTIfun.doRPC(T4CTTIfun.java:269)
		at oracle.jdbc.driver.T4C8Oall.doOALL(T4C8Oall.java:655)
		at oracle.jdbc.driver.T4CStatement.doOall8(T4CStatement.java:229)
		at oracle.jdbc.driver.T4CStatement.doOall8(T4CStatement.java:41)
		at oracle.jdbc.driver.T4CStatement.executeForDescribe(T4CStatement.java:765)
		at oracle.jdbc.driver.OracleStatement.executeMaybeDescribe(OracleStatement.java:991)
		at oracle.jdbc.driver.OracleStatement.doExecuteWithTimeout(OracleStatement.java:1176)
		at oracle.jdbc.driver.OracleStatement.executeInternal(OracleStatement.java:1831)
		at oracle.jdbc.driver.OracleStatement.execute(OracleStatement.java:1786)
		at oracle.jdbc.driver.OracleStatementWrapper.execute(OracleStatementWrapper.java:303)
		at org.apache.tomcat.jdbc.pool.PooledConnection.validate(PooledConnection.java:576)
		at org.apache.tomcat.jdbc.pool.PooledConnection.validate(PooledConnection.java:478)
		at org.apache.tomcat.jdbc.pool.ConnectionPool.testAllIdle(ConnectionPool.java:1148)
		at org.apache.tomcat.jdbc.pool.ConnectionPool$PoolCleaner.run(ConnectionPool.java:1552)
		at java.util.TimerThread.mainLoop(Timer.java:555)
		at java.util.TimerThread.run(Timer.java:505)
13-Dec-2023 22:08:22.296 심각 [Tomcat JDBC Pool Cleaner[1030870354:1702472857286]] org.apache.tomcat.jdbc.pool.PooledConnection.validate SQL Validation error
	java.sql.SQLRecoverableException: 소켓에서 읽을 데이터가 없습니다
		at oracle.jdbc.driver.T4CMAREngineNIO.prepareForUnmarshall(T4CMAREngineNIO.java:811)
		at oracle.jdbc.driver.T4CMAREngineNIO.unmarshalUB1(T4CMAREngineNIO.java:449)
		at oracle.jdbc.driver.T4CTTIfun.receive(T4CTTIfun.java:410)
		at oracle.jdbc.driver.T4CTTIfun.doRPC(T4CTTIfun.java:269)
		at oracle.jdbc.driver.T4C8Oall.doOALL(T4C8Oall.java:655)
		at oracle.jdbc.driver.T4CStatement.doOall8(T4CStatement.java:229)
		at oracle.jdbc.driver.T4CStatement.doOall8(T4CStatement.java:41)
		at oracle.jdbc.driver.T4CStatement.executeForDescribe(T4CStatement.java:765)
		at oracle.jdbc.driver.OracleStatement.executeMaybeDescribe(OracleStatement.java:991)
		at oracle.jdbc.driver.OracleStatement.doExecuteWithTimeout(OracleStatement.java:1176)
		at oracle.jdbc.driver.OracleStatement.executeInternal(OracleStatement.java:1831)
		at oracle.jdbc.driver.OracleStatement.execute(OracleStatement.java:1786)
		at oracle.jdbc.driver.OracleStatementWrapper.execute(OracleStatementWrapper.java:303)
		at org.apache.tomcat.jdbc.pool.PooledConnection.validate(PooledConnection.java:576)
		at org.apache.tomcat.jdbc.pool.PooledConnection.validate(PooledConnection.java:478)
		at org.apache.tomcat.jdbc.pool.ConnectionPool.testAllIdle(ConnectionPool.java:1148)
		at org.apache.tomcat.jdbc.pool.ConnectionPool$PoolCleaner.run(ConnectionPool.java:1552)
		at java.util.TimerThread.mainLoop(Timer.java:555)
		at java.util.TimerThread.run(Timer.java:505)
13-Dec-2023 22:08:22.296 심각 [Tomcat JDBC Pool Cleaner[1030870354:1702472857286]] org.apache.tomcat.jdbc.pool.PooledConnection.validate SQL Validation error
	java.sql.SQLRecoverableException: 소켓에서 읽을 데이터가 없습니다
		at oracle.jdbc.driver.T4CMAREngineNIO.prepareForUnmarshall(T4CMAREngineNIO.java:811)
		at oracle.jdbc.driver.T4CMAREngineNIO.unmarshalUB1(T4CMAREngineNIO.java:449)
		at oracle.jdbc.driver.T4CTTIfun.receive(T4CTTIfun.java:410)
		at oracle.jdbc.driver.T4CTTIfun.doRPC(T4CTTIfun.java:269)
		at oracle.jdbc.driver.T4C8Oall.doOALL(T4C8Oall.java:655)
		at oracle.jdbc.driver.T4CStatement.doOall8(T4CStatement.java:229)
		at oracle.jdbc.driver.T4CStatement.doOall8(T4CStatement.java:41)
		at oracle.jdbc.driver.T4CStatement.executeForDescribe(T4CStatement.java:765)
		at oracle.jdbc.driver.OracleStatement.executeMaybeDescribe(OracleStatement.java:991)
		at oracle.jdbc.driver.OracleStatement.doExecuteWithTimeout(OracleStatement.java:1176)
		at oracle.jdbc.driver.OracleStatement.executeInternal(OracleStatement.java:1831)
		at oracle.jdbc.driver.OracleStatement.execute(OracleStatement.java:1786)
		at oracle.jdbc.driver.OracleStatementWrapper.execute(OracleStatementWrapper.java:303)
		at org.apache.tomcat.jdbc.pool.PooledConnection.validate(PooledConnection.java:576)
		at org.apache.tomcat.jdbc.pool.PooledConnection.validate(PooledConnection.java:478)
		at org.apache.tomcat.jdbc.pool.ConnectionPool.testAllIdle(ConnectionPool.java:1148)
		at org.apache.tomcat.jdbc.pool.ConnectionPool$PoolCleaner.run(ConnectionPool.java:1552)
		at java.util.TimerThread.mainLoop(Timer.java:555)
		at java.util.TimerThread.run(Timer.java:505)
13-Dec-2023 22:08:22.296 심각 [Tomcat JDBC Pool Cleaner[1030870354:1702472857286]] org.apache.tomcat.jdbc.pool.PooledConnection.validate SQL Validation error
	java.sql.SQLRecoverableException: 소켓에서 읽을 데이터가 없습니다
		at oracle.jdbc.driver.T4CMAREngineNIO.prepareForUnmarshall(T4CMAREngineNIO.java:811)
		at oracle.jdbc.driver.T4CMAREngineNIO.unmarshalUB1(T4CMAREngineNIO.java:449)
		at oracle.jdbc.driver.T4CTTIfun.receive(T4CTTIfun.java:410)
		at oracle.jdbc.driver.T4CTTIfun.doRPC(T4CTTIfun.java:269)
		at oracle.jdbc.driver.T4C8Oall.doOALL(T4C8Oall.java:655)
		at oracle.jdbc.driver.T4CStatement.doOall8(T4CStatement.java:229)
		at oracle.jdbc.driver.T4CStatement.doOall8(T4CStatement.java:41)
		at oracle.jdbc.driver.T4CStatement.executeForDescribe(T4CStatement.java:765)
		at oracle.jdbc.driver.OracleStatement.executeMaybeDescribe(OracleStatement.java:991)
		at oracle.jdbc.driver.OracleStatement.doExecuteWithTimeout(OracleStatement.java:1176)
		at oracle.jdbc.driver.OracleStatement.executeInternal(OracleStatement.java:1831)
		at oracle.jdbc.driver.OracleStatement.execute(OracleStatement.java:1786)
		at oracle.jdbc.driver.OracleStatementWrapper.execute(OracleStatementWrapper.java:303)
		at org.apache.tomcat.jdbc.pool.PooledConnection.validate(PooledConnection.java:576)
		at org.apache.tomcat.jdbc.pool.PooledConnection.validate(PooledConnection.java:478)
		at org.apache.tomcat.jdbc.pool.ConnectionPool.testAllIdle(ConnectionPool.java:1148)
		at org.apache.tomcat.jdbc.pool.ConnectionPool$PoolCleaner.run(ConnectionPool.java:1552)
		at java.util.TimerThread.mainLoop(Timer.java:555)
		at java.util.TimerThread.run(Timer.java:505)
13-Dec-2023 22:23:46.205 정보 [main] org.apache.catalina.core.StandardServer.await 셧다운 포트를 통해 유효한 셧다운 명령을 받았습니다. 서버 인스턴스를 중지시킵니다.
13-Dec-2023 22:23:46.205 정보 [main] org.apache.coyote.AbstractProtocol.pause 프로토콜 핸들러 ["http-nio-8010"]을(를) 일시 정지 중
13-Dec-2023 22:23:46.207 정보 [main] org.apache.catalina.core.StandardService.stopInternal 서비스 [Catalina]을(를) 중지시킵니다.
13-Dec-2023 22:23:46.213 정보 [localhost-startStop-2] org.apache.catalina.ha.session.DeltaManager.stopInternal 매니저 [localhost#]이(가) 셧다운 시에 세션들을 만료시킵니다.
13-Dec-2023 22:23:46.326 정보 [main] org.apache.coyote.AbstractProtocol.stop 프로토콜 핸들러 ["http-nio-8010"]을(를) 중지시킵니다.
13-Dec-2023 22:23:46.336 정보 [main] org.apache.coyote.AbstractProtocol.destroy 프로토콜 핸들러 ["http-nio-8010"]을(를) 소멸시킵니다.
13-Dec-2023 22:23:52.524 정보 [main] org.apache.catalina.startup.VersionLoggerListener.log 서버 버전 이름:    Apache Tomcat/8.5.96
13-Dec-2023 22:23:52.528 정보 [main] org.apache.catalina.startup.VersionLoggerListener.log Server 빌드 시각:  Nov 10 2023 14:56:59 UTC
13-Dec-2023 22:23:52.528 정보 [main] org.apache.catalina.startup.VersionLoggerListener.log Server 버전 번호:  8.5.96.0
13-Dec-2023 22:23:52.528 정보 [main] org.apache.catalina.startup.VersionLoggerListener.log 운영체제 이름:     Linux
13-Dec-2023 22:23:52.528 정보 [main] org.apache.catalina.startup.VersionLoggerListener.log 운영체제 버전:     4.18.0-513.9.1.el8_9.x86_64
13-Dec-2023 22:23:52.528 정보 [main] org.apache.catalina.startup.VersionLoggerListener.log 아키텍처:          amd64
13-Dec-2023 22:23:52.528 정보 [main] org.apache.catalina.startup.VersionLoggerListener.log 자바 홈:           /usr/lib/jvm/java-1.8.0-openjdk-1.8.0.392.b08-4.el8_8.x86_64/jre
13-Dec-2023 22:23:52.528 정보 [main] org.apache.catalina.startup.VersionLoggerListener.log JVM 버전:          1.8.0_392-b08
13-Dec-2023 22:23:52.529 정보 [main] org.apache.catalina.startup.VersionLoggerListener.log JVM 벤더:          Red Hat, Inc.
13-Dec-2023 22:23:52.529 정보 [main] org.apache.catalina.startup.VersionLoggerListener.log CATALINA_BASE:     /engn/servers/smpl
13-Dec-2023 22:23:52.529 정보 [main] org.apache.catalina.startup.VersionLoggerListener.log CATALINA_HOME:     /engn/tomcat/tomcat-8.5.96
13-Dec-2023 22:23:52.529 정보 [main] org.apache.catalina.startup.VersionLoggerListener.log 명령 행 아규먼트:  -Djava.util.logging.config.file=/engn/servers/smpl/conf/logging.properties
13-Dec-2023 22:23:52.529 정보 [main] org.apache.catalina.startup.VersionLoggerListener.log 명령 행 아규먼트:  -Djava.util.logging.manager=org.apache.juli.ClassLoaderLogManager
13-Dec-2023 22:23:52.529 정보 [main] org.apache.catalina.startup.VersionLoggerListener.log 명령 행 아규먼트:  -Xms512m
13-Dec-2023 22:23:52.529 정보 [main] org.apache.catalina.startup.VersionLoggerListener.log 명령 행 아규먼트:  -Xmx512m
13-Dec-2023 22:23:52.529 정보 [main] org.apache.catalina.startup.VersionLoggerListener.log 명령 행 아규먼트:  -XX:-HeapDumpOnOutOfMemoryError
13-Dec-2023 22:23:52.529 정보 [main] org.apache.catalina.startup.VersionLoggerListener.log 명령 행 아규먼트:  -XX:HeapDumpPath=/logs/smpl
13-Dec-2023 22:23:52.529 정보 [main] org.apache.catalina.startup.VersionLoggerListener.log 명령 행 아규먼트:  -XX:ParallelGCThreads=2
13-Dec-2023 22:23:52.529 정보 [main] org.apache.catalina.startup.VersionLoggerListener.log 명령 행 아규먼트:  -XX:-UseConcMarkSweepGC
13-Dec-2023 22:23:52.529 정보 [main] org.apache.catalina.startup.VersionLoggerListener.log 명령 행 아규먼트:  -XX:-PrintGC
13-Dec-2023 22:23:52.530 정보 [main] org.apache.catalina.startup.VersionLoggerListener.log 명령 행 아규먼트:  -XX:-PrintGCDetails
13-Dec-2023 22:23:52.530 정보 [main] org.apache.catalina.startup.VersionLoggerListener.log 명령 행 아규먼트:  -XX:-PrintGCTimeStamps
13-Dec-2023 22:23:52.530 정보 [main] org.apache.catalina.startup.VersionLoggerListener.log 명령 행 아규먼트:  -XX:-TraceClassUnloading
13-Dec-2023 22:23:52.530 정보 [main] org.apache.catalina.startup.VersionLoggerListener.log 명령 행 아규먼트:  -XX:-TraceClassLoading
13-Dec-2023 22:23:52.530 정보 [main] org.apache.catalina.startup.VersionLoggerListener.log 명령 행 아규먼트:  -verbose:gc
13-Dec-2023 22:23:52.530 정보 [main] org.apache.catalina.startup.VersionLoggerListener.log 명령 행 아규먼트:  -Xloggc:/logs/smpl/smpl-gc.log
13-Dec-2023 22:23:52.530 정보 [main] org.apache.catalina.startup.VersionLoggerListener.log 명령 행 아규먼트:  -XX:+UseGCLogFileRotation
13-Dec-2023 22:23:52.530 정보 [main] org.apache.catalina.startup.VersionLoggerListener.log 명령 행 아규먼트:  -XX:GCLogFileSize=50m
13-Dec-2023 22:23:52.530 정보 [main] org.apache.catalina.startup.VersionLoggerListener.log 명령 행 아규먼트:  -XX:NumberOfGCLogFiles=10
13-Dec-2023 22:23:52.530 정보 [main] org.apache.catalina.startup.VersionLoggerListener.log 명령 행 아규먼트:  -Dinstance.id=smpl
13-Dec-2023 22:23:52.530 정보 [main] org.apache.catalina.startup.VersionLoggerListener.log 명령 행 아규먼트:  -Dlog.base=/logs/smpl
13-Dec-2023 22:23:52.530 정보 [main] org.apache.catalina.startup.VersionLoggerListener.log 명령 행 아규먼트:  -Dfile.encoding=utf-8
13-Dec-2023 22:23:52.530 정보 [main] org.apache.catalina.startup.VersionLoggerListener.log 명령 행 아규먼트:  -Djava.library.path=/engn/servers/smpl/lib
13-Dec-2023 22:23:52.530 정보 [main] org.apache.catalina.startup.VersionLoggerListener.log 명령 행 아규먼트:  -Doracle.jdbc.autoCommitSpecCompliant=false
13-Dec-2023 22:23:52.530 정보 [main] org.apache.catalina.startup.VersionLoggerListener.log 명령 행 아규먼트:  -javaagent:/engn/scouter/agent.java/scouter.agent.jar
13-Dec-2023 22:23:52.530 정보 [main] org.apache.catalina.startup.VersionLoggerListener.log 명령 행 아규먼트:  -Dscuter.config=/engn/scouter/agent.java/conf/scouter.conf
13-Dec-2023 22:23:52.530 정보 [main] org.apache.catalina.startup.VersionLoggerListener.log 명령 행 아규먼트:  -Dobj_name=smpl_1
13-Dec-2023 22:23:52.530 정보 [main] org.apache.catalina.startup.VersionLoggerListener.log 명령 행 아규먼트:  -Djava.net.preferIPv4Stack=true
13-Dec-2023 22:23:52.530 정보 [main] org.apache.catalina.startup.VersionLoggerListener.log 명령 행 아규먼트:  -Djdk.tls.ephemeralDHKeySize=2048
13-Dec-2023 22:23:52.531 정보 [main] org.apache.catalina.startup.VersionLoggerListener.log 명령 행 아규먼트:  -Djava.protocol.handler.pkgs=org.apache.catalina.webresources
13-Dec-2023 22:23:52.531 정보 [main] org.apache.catalina.startup.VersionLoggerListener.log 명령 행 아규먼트:  -Dorg.apache.catalina.security.SecurityListener.UMASK=0027
13-Dec-2023 22:23:52.531 정보 [main] org.apache.catalina.startup.VersionLoggerListener.log 명령 행 아규먼트:  -Dignore.endorsed.dirs=
13-Dec-2023 22:23:52.531 정보 [main] org.apache.catalina.startup.VersionLoggerListener.log 명령 행 아규먼트:  -Dcatalina.base=/engn/servers/smpl
13-Dec-2023 22:23:52.531 정보 [main] org.apache.catalina.startup.VersionLoggerListener.log 명령 행 아규먼트:  -Dcatalina.home=/engn/tomcat/tomcat-8.5.96
13-Dec-2023 22:23:52.531 정보 [main] org.apache.catalina.startup.VersionLoggerListener.log 명령 행 아규먼트:  -Djava.io.tmpdir=/engn/tomcat/tomcat-8.5.96/temp
13-Dec-2023 22:23:52.531 정보 [main] org.apache.catalina.core.AprLifecycleListener.lifecycleEvent 프로덕션 환경들에서 최적의 성능을 제공하는, APR 기반 Apache Tomcat Native 라이브러리가, 다음 java.library.path에서 발견되지 않습니다: [/engn/servers/smpl/lib]
13-Dec-2023 22:23:52.564 정보 [main] org.apache.coyote.AbstractProtocol.init 프로토콜 핸들러 ["http-nio-8010"]을(를) 초기화합니다.
13-Dec-2023 22:23:52.578 정보 [main] org.apache.catalina.startup.Catalina.load Initialization processed in 442 ms
13-Dec-2023 22:23:53.528 정보 [main] org.apache.catalina.core.StandardService.startInternal 서비스 [Catalina]을(를) 시작합니다.
13-Dec-2023 22:23:53.529 정보 [main] org.apache.catalina.core.StandardEngine.startInternal 서버 엔진을 시작합니다: [Apache Tomcat/8.5.96]
13-Dec-2023 22:23:53.531 정보 [main] org.apache.catalina.ha.tcp.SimpleTcpCluster.startInternal 클러스터가 막 시작하려 합니다.
13-Dec-2023 22:23:53.541 정보 [main] org.apache.catalina.tribes.transport.ReceiverBase.bind Receiver 서버 소켓이 [/127.0.0.1:4010]에 바인딩 되었습니다.
13-Dec-2023 22:23:53.562 정보 [localhost-startStop-1] org.apache.catalina.startup.HostConfig.deployDescriptor 배치 descriptor [/engn/servers/smpl/conf/Catalina/localhost/ROOT.xml]을(를) 배치합니다.
13-Dec-2023 22:23:53.940 정보 [localhost-startStop-1] org.apache.jasper.servlet.TldScanner.scanJars 적어도 하나의 JAR가 TLD들을 찾기 위해 스캔되었으나 아무 것도 찾지 못했습니다. 스캔했으나 TLD가 없는 JAR들의 전체 목록을 보시려면, 로그 레벨을 디버그 레벨로 설정하십시오. 스캔 과정에서 불필요한 JAR들을 건너뛰면, 시스템 시작 시간과 JSP 컴파일 시간을 단축시킬 수 있습니다.
13-Dec-2023 22:23:53.960 정보 [localhost-startStop-1] org.apache.catalina.ha.session.DeltaManager.startInternal 매니저 [localhost#]을(를), [Catalina](이)라는 이름의 클러스터 엘리먼트 [Engine](으)로 등록합니다.
13-Dec-2023 22:23:53.960 정보 [localhost-startStop-1] org.apache.catalina.ha.session.DeltaManager.startInternal [localhost#]에서 클러스터 매니저를 시작합니다.
13-Dec-2023 22:23:53.960 정보 [localhost-startStop-1] org.apache.catalina.ha.session.DeltaManager.getAllClusterSessions 매니저 [localhost#]: 상태 이전 작업을 건너뜁니다. 클러스터 그룹 내에 활성화된 멤버가 없습니다.
13-Dec-2023 22:23:53.970 정보 [localhost-startStop-1] org.apache.catalina.startup.HostConfig.deployDescriptor 배치 descriptor [/engn/servers/smpl/conf/Catalina/localhost/ROOT.xml]의 배치가 [408] 밀리초 내에 완료되었습니다.
13-Dec-2023 22:23:53.977 정보 [main] org.apache.coyote.AbstractProtocol.start 프로토콜 핸들러 ["http-nio-8010"]을(를) 시작합니다.
13-Dec-2023 22:23:53.989 정보 [main] org.apache.catalina.startup.Catalina.start Server startup in 1410 ms
13-Dec-2023 22:24:57.025 정보 [main] org.apache.catalina.core.StandardServer.await 셧다운 포트를 통해 유효한 셧다운 명령을 받았습니다. 서버 인스턴스를 중지시킵니다.
13-Dec-2023 22:24:57.026 정보 [main] org.apache.coyote.AbstractProtocol.pause 프로토콜 핸들러 ["http-nio-8010"]을(를) 일시 정지 중
13-Dec-2023 22:24:57.027 정보 [main] org.apache.catalina.core.StandardService.stopInternal 서비스 [Catalina]을(를) 중지시킵니다.
13-Dec-2023 22:24:57.030 정보 [localhost-startStop-2] org.apache.catalina.ha.session.DeltaManager.stopInternal 매니저 [localhost#]이(가) 셧다운 시에 세션들을 만료시킵니다.
13-Dec-2023 22:24:57.137 정보 [main] org.apache.coyote.AbstractProtocol.stop 프로토콜 핸들러 ["http-nio-8010"]을(를) 중지시킵니다.
13-Dec-2023 22:24:57.143 정보 [main] org.apache.coyote.AbstractProtocol.destroy 프로토콜 핸들러 ["http-nio-8010"]을(를) 소멸시킵니다.
13-Dec-2023 22:25:03.638 정보 [main] org.apache.catalina.startup.VersionLoggerListener.log 서버 버전 이름:    Apache Tomcat/8.5.96
13-Dec-2023 22:25:03.642 정보 [main] org.apache.catalina.startup.VersionLoggerListener.log Server 빌드 시각:  Nov 10 2023 14:56:59 UTC
13-Dec-2023 22:25:03.642 정보 [main] org.apache.catalina.startup.VersionLoggerListener.log Server 버전 번호:  8.5.96.0
13-Dec-2023 22:25:03.642 정보 [main] org.apache.catalina.startup.VersionLoggerListener.log 운영체제 이름:     Linux
13-Dec-2023 22:25:03.642 정보 [main] org.apache.catalina.startup.VersionLoggerListener.log 운영체제 버전:     4.18.0-513.9.1.el8_9.x86_64
13-Dec-2023 22:25:03.642 정보 [main] org.apache.catalina.startup.VersionLoggerListener.log 아키텍처:          amd64
13-Dec-2023 22:25:03.643 정보 [main] org.apache.catalina.startup.VersionLoggerListener.log 자바 홈:           /usr/lib/jvm/java-1.8.0-openjdk-1.8.0.392.b08-4.el8_8.x86_64/jre
13-Dec-2023 22:25:03.643 정보 [main] org.apache.catalina.startup.VersionLoggerListener.log JVM 버전:          1.8.0_392-b08
13-Dec-2023 22:25:03.643 정보 [main] org.apache.catalina.startup.VersionLoggerListener.log JVM 벤더:          Red Hat, Inc.
13-Dec-2023 22:25:03.643 정보 [main] org.apache.catalina.startup.VersionLoggerListener.log CATALINA_BASE:     /engn/servers/smpl
13-Dec-2023 22:25:03.643 정보 [main] org.apache.catalina.startup.VersionLoggerListener.log CATALINA_HOME:     /engn/tomcat/tomcat-8.5.96
13-Dec-2023 22:25:03.643 정보 [main] org.apache.catalina.startup.VersionLoggerListener.log 명령 행 아규먼트:  -Djava.util.logging.config.file=/engn/servers/smpl/conf/logging.properties
13-Dec-2023 22:25:03.643 정보 [main] org.apache.catalina.startup.VersionLoggerListener.log 명령 행 아규먼트:  -Djava.util.logging.manager=org.apache.juli.ClassLoaderLogManager
13-Dec-2023 22:25:03.643 정보 [main] org.apache.catalina.startup.VersionLoggerListener.log 명령 행 아규먼트:  -Xms512m
13-Dec-2023 22:25:03.643 정보 [main] org.apache.catalina.startup.VersionLoggerListener.log 명령 행 아규먼트:  -Xmx512m
13-Dec-2023 22:25:03.643 정보 [main] org.apache.catalina.startup.VersionLoggerListener.log 명령 행 아규먼트:  -XX:-HeapDumpOnOutOfMemoryError
13-Dec-2023 22:25:03.643 정보 [main] org.apache.catalina.startup.VersionLoggerListener.log 명령 행 아규먼트:  -XX:HeapDumpPath=/logs/smpl
13-Dec-2023 22:25:03.643 정보 [main] org.apache.catalina.startup.VersionLoggerListener.log 명령 행 아규먼트:  -XX:ParallelGCThreads=2
13-Dec-2023 22:25:03.643 정보 [main] org.apache.catalina.startup.VersionLoggerListener.log 명령 행 아규먼트:  -XX:-UseConcMarkSweepGC
13-Dec-2023 22:25:03.644 정보 [main] org.apache.catalina.startup.VersionLoggerListener.log 명령 행 아규먼트:  -XX:-PrintGC
13-Dec-2023 22:25:03.644 정보 [main] org.apache.catalina.startup.VersionLoggerListener.log 명령 행 아규먼트:  -XX:-PrintGCDetails
13-Dec-2023 22:25:03.644 정보 [main] org.apache.catalina.startup.VersionLoggerListener.log 명령 행 아규먼트:  -XX:-PrintGCTimeStamps
13-Dec-2023 22:25:03.644 정보 [main] org.apache.catalina.startup.VersionLoggerListener.log 명령 행 아규먼트:  -XX:-TraceClassUnloading
13-Dec-2023 22:25:03.644 정보 [main] org.apache.catalina.startup.VersionLoggerListener.log 명령 행 아규먼트:  -XX:-TraceClassLoading
13-Dec-2023 22:25:03.644 정보 [main] org.apache.catalina.startup.VersionLoggerListener.log 명령 행 아규먼트:  -verbose:gc
13-Dec-2023 22:25:03.644 정보 [main] org.apache.catalina.startup.VersionLoggerListener.log 명령 행 아규먼트:  -Xloggc:/logs/smpl/smpl-gc.log
13-Dec-2023 22:25:03.644 정보 [main] org.apache.catalina.startup.VersionLoggerListener.log 명령 행 아규먼트:  -Dinstance.id=smpl
13-Dec-2023 22:25:03.644 정보 [main] org.apache.catalina.startup.VersionLoggerListener.log 명령 행 아규먼트:  -Dlog.base=/logs/smpl
13-Dec-2023 22:25:03.644 정보 [main] org.apache.catalina.startup.VersionLoggerListener.log 명령 행 아규먼트:  -Dfile.encoding=utf-8
13-Dec-2023 22:25:03.644 정보 [main] org.apache.catalina.startup.VersionLoggerListener.log 명령 행 아규먼트:  -Djava.library.path=/engn/servers/smpl/lib
13-Dec-2023 22:25:03.644 정보 [main] org.apache.catalina.startup.VersionLoggerListener.log 명령 행 아규먼트:  -Doracle.jdbc.autoCommitSpecCompliant=false
13-Dec-2023 22:25:03.644 정보 [main] org.apache.catalina.startup.VersionLoggerListener.log 명령 행 아규먼트:  -javaagent:/engn/scouter/agent.java/scouter.agent.jar
13-Dec-2023 22:25:03.644 정보 [main] org.apache.catalina.startup.VersionLoggerListener.log 명령 행 아규먼트:  -Dscuter.config=/engn/scouter/agent.java/conf/scouter.conf
13-Dec-2023 22:25:03.644 정보 [main] org.apache.catalina.startup.VersionLoggerListener.log 명령 행 아규먼트:  -Dobj_name=smpl_1
13-Dec-2023 22:25:03.644 정보 [main] org.apache.catalina.startup.VersionLoggerListener.log 명령 행 아규먼트:  -Djava.net.preferIPv4Stack=true
13-Dec-2023 22:25:03.645 정보 [main] org.apache.catalina.startup.VersionLoggerListener.log 명령 행 아규먼트:  -Djdk.tls.ephemeralDHKeySize=2048
13-Dec-2023 22:25:03.645 정보 [main] org.apache.catalina.startup.VersionLoggerListener.log 명령 행 아규먼트:  -Djava.protocol.handler.pkgs=org.apache.catalina.webresources
13-Dec-2023 22:25:03.645 정보 [main] org.apache.catalina.startup.VersionLoggerListener.log 명령 행 아규먼트:  -Dorg.apache.catalina.security.SecurityListener.UMASK=0027
13-Dec-2023 22:25:03.645 정보 [main] org.apache.catalina.startup.VersionLoggerListener.log 명령 행 아규먼트:  -Dignore.endorsed.dirs=
13-Dec-2023 22:25:03.645 정보 [main] org.apache.catalina.startup.VersionLoggerListener.log 명령 행 아규먼트:  -Dcatalina.base=/engn/servers/smpl
13-Dec-2023 22:25:03.645 정보 [main] org.apache.catalina.startup.VersionLoggerListener.log 명령 행 아규먼트:  -Dcatalina.home=/engn/tomcat/tomcat-8.5.96
13-Dec-2023 22:25:03.645 정보 [main] org.apache.catalina.startup.VersionLoggerListener.log 명령 행 아규먼트:  -Djava.io.tmpdir=/engn/tomcat/tomcat-8.5.96/temp
13-Dec-2023 22:25:03.645 정보 [main] org.apache.catalina.core.AprLifecycleListener.lifecycleEvent 프로덕션 환경들에서 최적의 성능을 제공하는, APR 기반 Apache Tomcat Native 라이브러리가, 다음 java.library.path에서 발견되지 않습니다: [/engn/servers/smpl/lib]
13-Dec-2023 22:25:03.677 정보 [main] org.apache.coyote.AbstractProtocol.init 프로토콜 핸들러 ["http-nio-8010"]을(를) 초기화합니다.
13-Dec-2023 22:25:03.690 정보 [main] org.apache.catalina.startup.Catalina.load Initialization processed in 411 ms
13-Dec-2023 22:25:04.659 정보 [main] org.apache.catalina.core.StandardService.startInternal 서비스 [Catalina]을(를) 시작합니다.
13-Dec-2023 22:25:04.660 정보 [main] org.apache.catalina.core.StandardEngine.startInternal 서버 엔진을 시작합니다: [Apache Tomcat/8.5.96]
13-Dec-2023 22:25:04.662 정보 [main] org.apache.catalina.ha.tcp.SimpleTcpCluster.startInternal 클러스터가 막 시작하려 합니다.
13-Dec-2023 22:25:04.668 정보 [main] org.apache.catalina.tribes.transport.ReceiverBase.bind Receiver 서버 소켓이 [/127.0.0.1:4010]에 바인딩 되었습니다.
13-Dec-2023 22:25:04.687 정보 [localhost-startStop-1] org.apache.catalina.startup.HostConfig.deployDescriptor 배치 descriptor [/engn/servers/smpl/conf/Catalina/localhost/ROOT.xml]을(를) 배치합니다.
13-Dec-2023 22:25:05.065 정보 [localhost-startStop-1] org.apache.jasper.servlet.TldScanner.scanJars 적어도 하나의 JAR가 TLD들을 찾기 위해 스캔되었으나 아무 것도 찾지 못했습니다. 스캔했으나 TLD가 없는 JAR들의 전체 목록을 보시려면, 로그 레벨을 디버그 레벨로 설정하십시오. 스캔 과정에서 불필요한 JAR들을 건너뛰면, 시스템 시작 시간과 JSP 컴파일 시간을 단축시킬 수 있습니다.
13-Dec-2023 22:25:05.085 정보 [localhost-startStop-1] org.apache.catalina.ha.session.DeltaManager.startInternal 매니저 [localhost#]을(를), [Catalina](이)라는 이름의 클러스터 엘리먼트 [Engine](으)로 등록합니다.
13-Dec-2023 22:25:05.086 정보 [localhost-startStop-1] org.apache.catalina.ha.session.DeltaManager.startInternal [localhost#]에서 클러스터 매니저를 시작합니다.
13-Dec-2023 22:25:05.086 정보 [localhost-startStop-1] org.apache.catalina.ha.session.DeltaManager.getAllClusterSessions 매니저 [localhost#]: 상태 이전 작업을 건너뜁니다. 클러스터 그룹 내에 활성화된 멤버가 없습니다.
13-Dec-2023 22:25:05.096 정보 [localhost-startStop-1] org.apache.catalina.startup.HostConfig.deployDescriptor 배치 descriptor [/engn/servers/smpl/conf/Catalina/localhost/ROOT.xml]의 배치가 [409] 밀리초 내에 완료되었습니다.
13-Dec-2023 22:25:05.110 정보 [main] org.apache.coyote.AbstractProtocol.start 프로토콜 핸들러 ["http-nio-8010"]을(를) 시작합니다.
13-Dec-2023 22:25:05.115 정보 [main] org.apache.catalina.startup.Catalina.start Server startup in 1424 ms
13-Dec-2023 22:27:33.738 심각 [Tomcat JDBC Pool Cleaner[1030870354:1702473903724]] org.apache.tomcat.jdbc.pool.PooledConnection.validate SQL Validation error
	java.sql.SQLRecoverableException: 소켓에서 읽을 데이터가 없습니다
		at oracle.jdbc.driver.T4CMAREngineNIO.prepareForUnmarshall(T4CMAREngineNIO.java:811)
		at oracle.jdbc.driver.T4CMAREngineNIO.unmarshalUB1(T4CMAREngineNIO.java:449)
		at oracle.jdbc.driver.T4CTTIfun.receive(T4CTTIfun.java:410)
		at oracle.jdbc.driver.T4CTTIfun.doRPC(T4CTTIfun.java:269)
		at oracle.jdbc.driver.T4C8Oall.doOALL(T4C8Oall.java:655)
		at oracle.jdbc.driver.T4CStatement.doOall8(T4CStatement.java:229)
		at oracle.jdbc.driver.T4CStatement.doOall8(T4CStatement.java:41)
		at oracle.jdbc.driver.T4CStatement.executeForDescribe(T4CStatement.java:765)
		at oracle.jdbc.driver.OracleStatement.executeMaybeDescribe(OracleStatement.java:991)
		at oracle.jdbc.driver.OracleStatement.doExecuteWithTimeout(OracleStatement.java:1176)
		at oracle.jdbc.driver.OracleStatement.executeInternal(OracleStatement.java:1831)
		at oracle.jdbc.driver.OracleStatement.execute(OracleStatement.java:1786)
		at oracle.jdbc.driver.OracleStatementWrapper.execute(OracleStatementWrapper.java:303)
		at org.apache.tomcat.jdbc.pool.PooledConnection.validate(PooledConnection.java:576)
		at org.apache.tomcat.jdbc.pool.PooledConnection.validate(PooledConnection.java:478)
		at org.apache.tomcat.jdbc.pool.ConnectionPool.testAllIdle(ConnectionPool.java:1148)
		at org.apache.tomcat.jdbc.pool.ConnectionPool$PoolCleaner.run(ConnectionPool.java:1552)
		at java.util.TimerThread.mainLoop(Timer.java:555)
		at java.util.TimerThread.run(Timer.java:505)
13-Dec-2023 22:27:33.739 심각 [Tomcat JDBC Pool Cleaner[1030870354:1702473903724]] org.apache.tomcat.jdbc.pool.PooledConnection.validate SQL Validation error
	java.sql.SQLRecoverableException: 소켓에서 읽을 데이터가 없습니다
		at oracle.jdbc.driver.T4CMAREngineNIO.prepareForUnmarshall(T4CMAREngineNIO.java:811)
		at oracle.jdbc.driver.T4CMAREngineNIO.unmarshalUB1(T4CMAREngineNIO.java:449)
		at oracle.jdbc.driver.T4CTTIfun.receive(T4CTTIfun.java:410)
		at oracle.jdbc.driver.T4CTTIfun.doRPC(T4CTTIfun.java:269)
		at oracle.jdbc.driver.T4C8Oall.doOALL(T4C8Oall.java:655)
		at oracle.jdbc.driver.T4CStatement.doOall8(T4CStatement.java:229)
		at oracle.jdbc.driver.T4CStatement.doOall8(T4CStatement.java:41)
		at oracle.jdbc.driver.T4CStatement.executeForDescribe(T4CStatement.java:765)
		at oracle.jdbc.driver.OracleStatement.executeMaybeDescribe(OracleStatement.java:991)
		at oracle.jdbc.driver.OracleStatement.doExecuteWithTimeout(OracleStatement.java:1176)
		at oracle.jdbc.driver.OracleStatement.executeInternal(OracleStatement.java:1831)
		at oracle.jdbc.driver.OracleStatement.execute(OracleStatement.java:1786)
		at oracle.jdbc.driver.OracleStatementWrapper.execute(OracleStatementWrapper.java:303)
		at org.apache.tomcat.jdbc.pool.PooledConnection.validate(PooledConnection.java:576)
		at org.apache.tomcat.jdbc.pool.PooledConnection.validate(PooledConnection.java:478)
		at org.apache.tomcat.jdbc.pool.ConnectionPool.testAllIdle(ConnectionPool.java:1148)
		at org.apache.tomcat.jdbc.pool.ConnectionPool$PoolCleaner.run(ConnectionPool.java:1552)
		at java.util.TimerThread.mainLoop(Timer.java:555)
		at java.util.TimerThread.run(Timer.java:505)
13-Dec-2023 22:27:33.740 심각 [Tomcat JDBC Pool Cleaner[1030870354:1702473903724]] org.apache.tomcat.jdbc.pool.PooledConnection.validate SQL Validation error
	java.sql.SQLRecoverableException: 소켓에서 읽을 데이터가 없습니다
		at oracle.jdbc.driver.T4CMAREngineNIO.prepareForUnmarshall(T4CMAREngineNIO.java:811)
		at oracle.jdbc.driver.T4CMAREngineNIO.unmarshalUB1(T4CMAREngineNIO.java:449)
		at oracle.jdbc.driver.T4CTTIfun.receive(T4CTTIfun.java:410)
		at oracle.jdbc.driver.T4CTTIfun.doRPC(T4CTTIfun.java:269)
		at oracle.jdbc.driver.T4C8Oall.doOALL(T4C8Oall.java:655)
		at oracle.jdbc.driver.T4CStatement.doOall8(T4CStatement.java:229)
		at oracle.jdbc.driver.T4CStatement.doOall8(T4CStatement.java:41)
		at oracle.jdbc.driver.T4CStatement.executeForDescribe(T4CStatement.java:765)
		at oracle.jdbc.driver.OracleStatement.executeMaybeDescribe(OracleStatement.java:991)
		at oracle.jdbc.driver.OracleStatement.doExecuteWithTimeout(OracleStatement.java:1176)
		at oracle.jdbc.driver.OracleStatement.executeInternal(OracleStatement.java:1831)
		at oracle.jdbc.driver.OracleStatement.execute(OracleStatement.java:1786)
		at oracle.jdbc.driver.OracleStatementWrapper.execute(OracleStatementWrapper.java:303)
		at org.apache.tomcat.jdbc.pool.PooledConnection.validate(PooledConnection.java:576)
		at org.apache.tomcat.jdbc.pool.PooledConnection.validate(PooledConnection.java:478)
		at org.apache.tomcat.jdbc.pool.ConnectionPool.testAllIdle(ConnectionPool.java:1148)
		at org.apache.tomcat.jdbc.pool.ConnectionPool$PoolCleaner.run(ConnectionPool.java:1552)
		at java.util.TimerThread.mainLoop(Timer.java:555)
		at java.util.TimerThread.run(Timer.java:505)
13-Dec-2023 22:27:33.740 심각 [Tomcat JDBC Pool Cleaner[1030870354:1702473903724]] org.apache.tomcat.jdbc.pool.PooledConnection.validate SQL Validation error
	java.sql.SQLRecoverableException: 소켓에서 읽을 데이터가 없습니다
		at oracle.jdbc.driver.T4CMAREngineNIO.prepareForUnmarshall(T4CMAREngineNIO.java:811)
		at oracle.jdbc.driver.T4CMAREngineNIO.unmarshalUB1(T4CMAREngineNIO.java:449)
		at oracle.jdbc.driver.T4CTTIfun.receive(T4CTTIfun.java:410)
		at oracle.jdbc.driver.T4CTTIfun.doRPC(T4CTTIfun.java:269)
		at oracle.jdbc.driver.T4C8Oall.doOALL(T4C8Oall.java:655)
		at oracle.jdbc.driver.T4CStatement.doOall8(T4CStatement.java:229)
		at oracle.jdbc.driver.T4CStatement.doOall8(T4CStatement.java:41)
		at oracle.jdbc.driver.T4CStatement.executeForDescribe(T4CStatement.java:765)
		at oracle.jdbc.driver.OracleStatement.executeMaybeDescribe(OracleStatement.java:991)
		at oracle.jdbc.driver.OracleStatement.doExecuteWithTimeout(OracleStatement.java:1176)
		at oracle.jdbc.driver.OracleStatement.executeInternal(OracleStatement.java:1831)
		at oracle.jdbc.driver.OracleStatement.execute(OracleStatement.java:1786)
		at oracle.jdbc.driver.OracleStatementWrapper.execute(OracleStatementWrapper.java:303)
		at org.apache.tomcat.jdbc.pool.PooledConnection.validate(PooledConnection.java:576)
		at org.apache.tomcat.jdbc.pool.PooledConnection.validate(PooledConnection.java:478)
		at org.apache.tomcat.jdbc.pool.ConnectionPool.testAllIdle(ConnectionPool.java:1148)
		at org.apache.tomcat.jdbc.pool.ConnectionPool$PoolCleaner.run(ConnectionPool.java:1552)
		at java.util.TimerThread.mainLoop(Timer.java:555)
		at java.util.TimerThread.run(Timer.java:505)
13-Dec-2023 22:27:33.740 심각 [Tomcat JDBC Pool Cleaner[1030870354:1702473903724]] org.apache.tomcat.jdbc.pool.PooledConnection.validate SQL Validation error
	java.sql.SQLRecoverableException: 소켓에서 읽을 데이터가 없습니다
		at oracle.jdbc.driver.T4CMAREngineNIO.prepareForUnmarshall(T4CMAREngineNIO.java:811)
		at oracle.jdbc.driver.T4CMAREngineNIO.unmarshalUB1(T4CMAREngineNIO.java:449)
		at oracle.jdbc.driver.T4CTTIfun.receive(T4CTTIfun.java:410)
		at oracle.jdbc.driver.T4CTTIfun.doRPC(T4CTTIfun.java:269)
		at oracle.jdbc.driver.T4C8Oall.doOALL(T4C8Oall.java:655)
		at oracle.jdbc.driver.T4CStatement.doOall8(T4CStatement.java:229)
		at oracle.jdbc.driver.T4CStatement.doOall8(T4CStatement.java:41)
		at oracle.jdbc.driver.T4CStatement.executeForDescribe(T4CStatement.java:765)
		at oracle.jdbc.driver.OracleStatement.executeMaybeDescribe(OracleStatement.java:991)
		at oracle.jdbc.driver.OracleStatement.doExecuteWithTimeout(OracleStatement.java:1176)
		at oracle.jdbc.driver.OracleStatement.executeInternal(OracleStatement.java:1831)
		at oracle.jdbc.driver.OracleStatement.execute(OracleStatement.java:1786)
		at oracle.jdbc.driver.OracleStatementWrapper.execute(OracleStatementWrapper.java:303)
		at org.apache.tomcat.jdbc.pool.PooledConnection.validate(PooledConnection.java:576)
		at org.apache.tomcat.jdbc.pool.PooledConnection.validate(PooledConnection.java:478)
		at org.apache.tomcat.jdbc.pool.ConnectionPool.testAllIdle(ConnectionPool.java:1148)
		at org.apache.tomcat.jdbc.pool.ConnectionPool$PoolCleaner.run(ConnectionPool.java:1552)
		at java.util.TimerThread.mainLoop(Timer.java:555)
		at java.util.TimerThread.run(Timer.java:505)
13-Dec-2023 22:27:33.741 심각 [Tomcat JDBC Pool Cleaner[1030870354:1702473903724]] org.apache.tomcat.jdbc.pool.PooledConnection.validate SQL Validation error
	java.sql.SQLRecoverableException: 소켓에서 읽을 데이터가 없습니다
		at oracle.jdbc.driver.T4CMAREngineNIO.prepareForUnmarshall(T4CMAREngineNIO.java:811)
		at oracle.jdbc.driver.T4CMAREngineNIO.unmarshalUB1(T4CMAREngineNIO.java:449)
		at oracle.jdbc.driver.T4CTTIfun.receive(T4CTTIfun.java:410)
		at oracle.jdbc.driver.T4CTTIfun.doRPC(T4CTTIfun.java:269)
		at oracle.jdbc.driver.T4C8Oall.doOALL(T4C8Oall.java:655)
		at oracle.jdbc.driver.T4CStatement.doOall8(T4CStatement.java:229)
		at oracle.jdbc.driver.T4CStatement.doOall8(T4CStatement.java:41)
		at oracle.jdbc.driver.T4CStatement.executeForDescribe(T4CStatement.java:765)
		at oracle.jdbc.driver.OracleStatement.executeMaybeDescribe(OracleStatement.java:991)
		at oracle.jdbc.driver.OracleStatement.doExecuteWithTimeout(OracleStatement.java:1176)
		at oracle.jdbc.driver.OracleStatement.executeInternal(OracleStatement.java:1831)
		at oracle.jdbc.driver.OracleStatement.execute(OracleStatement.java:1786)
		at oracle.jdbc.driver.OracleStatementWrapper.execute(OracleStatementWrapper.java:303)
		at org.apache.tomcat.jdbc.pool.PooledConnection.validate(PooledConnection.java:576)
		at org.apache.tomcat.jdbc.pool.PooledConnection.validate(PooledConnection.java:478)
		at org.apache.tomcat.jdbc.pool.ConnectionPool.testAllIdle(ConnectionPool.java:1148)
		at org.apache.tomcat.jdbc.pool.ConnectionPool$PoolCleaner.run(ConnectionPool.java:1552)
		at java.util.TimerThread.mainLoop(Timer.java:555)
		at java.util.TimerThread.run(Timer.java:505)
13-Dec-2023 22:27:33.741 심각 [Tomcat JDBC Pool Cleaner[1030870354:1702473903724]] org.apache.tomcat.jdbc.pool.PooledConnection.validate SQL Validation error
	java.sql.SQLRecoverableException: 소켓에서 읽을 데이터가 없습니다
		at oracle.jdbc.driver.T4CMAREngineNIO.prepareForUnmarshall(T4CMAREngineNIO.java:811)
		at oracle.jdbc.driver.T4CMAREngineNIO.unmarshalUB1(T4CMAREngineNIO.java:449)
		at oracle.jdbc.driver.T4CTTIfun.receive(T4CTTIfun.java:410)
		at oracle.jdbc.driver.T4CTTIfun.doRPC(T4CTTIfun.java:269)
		at oracle.jdbc.driver.T4C8Oall.doOALL(T4C8Oall.java:655)
		at oracle.jdbc.driver.T4CStatement.doOall8(T4CStatement.java:229)
		at oracle.jdbc.driver.T4CStatement.doOall8(T4CStatement.java:41)
		at oracle.jdbc.driver.T4CStatement.executeForDescribe(T4CStatement.java:765)
		at oracle.jdbc.driver.OracleStatement.executeMaybeDescribe(OracleStatement.java:991)
		at oracle.jdbc.driver.OracleStatement.doExecuteWithTimeout(OracleStatement.java:1176)
		at oracle.jdbc.driver.OracleStatement.executeInternal(OracleStatement.java:1831)
		at oracle.jdbc.driver.OracleStatement.execute(OracleStatement.java:1786)
		at oracle.jdbc.driver.OracleStatementWrapper.execute(OracleStatementWrapper.java:303)
		at org.apache.tomcat.jdbc.pool.PooledConnection.validate(PooledConnection.java:576)
		at org.apache.tomcat.jdbc.pool.PooledConnection.validate(PooledConnection.java:478)
		at org.apache.tomcat.jdbc.pool.ConnectionPool.testAllIdle(ConnectionPool.java:1148)
		at org.apache.tomcat.jdbc.pool.ConnectionPool$PoolCleaner.run(ConnectionPool.java:1552)
		at java.util.TimerThread.mainLoop(Timer.java:555)
		at java.util.TimerThread.run(Timer.java:505)
13-Dec-2023 22:27:33.742 심각 [Tomcat JDBC Pool Cleaner[1030870354:1702473903724]] org.apache.tomcat.jdbc.pool.PooledConnection.validate SQL Validation error
	java.sql.SQLRecoverableException: 소켓에서 읽을 데이터가 없습니다
		at oracle.jdbc.driver.T4CMAREngineNIO.prepareForUnmarshall(T4CMAREngineNIO.java:811)
		at oracle.jdbc.driver.T4CMAREngineNIO.unmarshalUB1(T4CMAREngineNIO.java:449)
		at oracle.jdbc.driver.T4CTTIfun.receive(T4CTTIfun.java:410)
		at oracle.jdbc.driver.T4CTTIfun.doRPC(T4CTTIfun.java:269)
		at oracle.jdbc.driver.T4C8Oall.doOALL(T4C8Oall.java:655)
		at oracle.jdbc.driver.T4CStatement.doOall8(T4CStatement.java:229)
		at oracle.jdbc.driver.T4CStatement.doOall8(T4CStatement.java:41)
		at oracle.jdbc.driver.T4CStatement.executeForDescribe(T4CStatement.java:765)
		at oracle.jdbc.driver.OracleStatement.executeMaybeDescribe(OracleStatement.java:991)
		at oracle.jdbc.driver.OracleStatement.doExecuteWithTimeout(OracleStatement.java:1176)
		at oracle.jdbc.driver.OracleStatement.executeInternal(OracleStatement.java:1831)
		at oracle.jdbc.driver.OracleStatement.execute(OracleStatement.java:1786)
		at oracle.jdbc.driver.OracleStatementWrapper.execute(OracleStatementWrapper.java:303)
		at org.apache.tomcat.jdbc.pool.PooledConnection.validate(PooledConnection.java:576)
		at org.apache.tomcat.jdbc.pool.PooledConnection.validate(PooledConnection.java:478)
		at org.apache.tomcat.jdbc.pool.ConnectionPool.testAllIdle(ConnectionPool.java:1148)
		at org.apache.tomcat.jdbc.pool.ConnectionPool$PoolCleaner.run(ConnectionPool.java:1552)
		at java.util.TimerThread.mainLoop(Timer.java:555)
		at java.util.TimerThread.run(Timer.java:505)
13-Dec-2023 22:27:33.742 심각 [Tomcat JDBC Pool Cleaner[1030870354:1702473903724]] org.apache.tomcat.jdbc.pool.PooledConnection.validate SQL Validation error
	java.sql.SQLRecoverableException: 소켓에서 읽을 데이터가 없습니다
		at oracle.jdbc.driver.T4CMAREngineNIO.prepareForUnmarshall(T4CMAREngineNIO.java:811)
		at oracle.jdbc.driver.T4CMAREngineNIO.unmarshalUB1(T4CMAREngineNIO.java:449)
		at oracle.jdbc.driver.T4CTTIfun.receive(T4CTTIfun.java:410)
		at oracle.jdbc.driver.T4CTTIfun.doRPC(T4CTTIfun.java:269)
		at oracle.jdbc.driver.T4C8Oall.doOALL(T4C8Oall.java:655)
		at oracle.jdbc.driver.T4CStatement.doOall8(T4CStatement.java:229)
		at oracle.jdbc.driver.T4CStatement.doOall8(T4CStatement.java:41)
		at oracle.jdbc.driver.T4CStatement.executeForDescribe(T4CStatement.java:765)
		at oracle.jdbc.driver.OracleStatement.executeMaybeDescribe(OracleStatement.java:991)
		at oracle.jdbc.driver.OracleStatement.doExecuteWithTimeout(OracleStatement.java:1176)
		at oracle.jdbc.driver.OracleStatement.executeInternal(OracleStatement.java:1831)
		at oracle.jdbc.driver.OracleStatement.execute(OracleStatement.java:1786)
		at oracle.jdbc.driver.OracleStatementWrapper.execute(OracleStatementWrapper.java:303)
		at org.apache.tomcat.jdbc.pool.PooledConnection.validate(PooledConnection.java:576)
		at org.apache.tomcat.jdbc.pool.PooledConnection.validate(PooledConnection.java:478)
		at org.apache.tomcat.jdbc.pool.ConnectionPool.testAllIdle(ConnectionPool.java:1148)
		at org.apache.tomcat.jdbc.pool.ConnectionPool$PoolCleaner.run(ConnectionPool.java:1552)
		at java.util.TimerThread.mainLoop(Timer.java:555)
		at java.util.TimerThread.run(Timer.java:505)
13-Dec-2023 22:27:33.742 심각 [Tomcat JDBC Pool Cleaner[1030870354:1702473903724]] org.apache.tomcat.jdbc.pool.PooledConnection.validate SQL Validation error
	java.sql.SQLRecoverableException: 소켓에서 읽을 데이터가 없습니다
		at oracle.jdbc.driver.T4CMAREngineNIO.prepareForUnmarshall(T4CMAREngineNIO.java:811)
		at oracle.jdbc.driver.T4CMAREngineNIO.unmarshalUB1(T4CMAREngineNIO.java:449)
		at oracle.jdbc.driver.T4CTTIfun.receive(T4CTTIfun.java:410)
		at oracle.jdbc.driver.T4CTTIfun.doRPC(T4CTTIfun.java:269)
		at oracle.jdbc.driver.T4C8Oall.doOALL(T4C8Oall.java:655)
		at oracle.jdbc.driver.T4CStatement.doOall8(T4CStatement.java:229)
		at oracle.jdbc.driver.T4CStatement.doOall8(T4CStatement.java:41)
		at oracle.jdbc.driver.T4CStatement.executeForDescribe(T4CStatement.java:765)
		at oracle.jdbc.driver.OracleStatement.executeMaybeDescribe(OracleStatement.java:991)
		at oracle.jdbc.driver.OracleStatement.doExecuteWithTimeout(OracleStatement.java:1176)
		at oracle.jdbc.driver.OracleStatement.executeInternal(OracleStatement.java:1831)
		at oracle.jdbc.driver.OracleStatement.execute(OracleStatement.java:1786)
		at oracle.jdbc.driver.OracleStatementWrapper.execute(OracleStatementWrapper.java:303)
		at org.apache.tomcat.jdbc.pool.PooledConnection.validate(PooledConnection.java:576)
		at org.apache.tomcat.jdbc.pool.PooledConnection.validate(PooledConnection.java:478)
		at org.apache.tomcat.jdbc.pool.ConnectionPool.testAllIdle(ConnectionPool.java:1148)
		at org.apache.tomcat.jdbc.pool.ConnectionPool$PoolCleaner.run(ConnectionPool.java:1552)
		at java.util.TimerThread.mainLoop(Timer.java:555)
		at java.util.TimerThread.run(Timer.java:505)
