20231205 22:08:25 Scouter Server Version 2.20.0 2023-05-29 05:14 GMT
20231205 22:08:25 [PID]2197
  ____                  _            
 / ___|  ___ ___  _   _| |_ ___ _ __ 
 \___ \ / __/   \| | | | __/ _ \ '__|
  ___) | (_| (+) | |_| | ||  __/ |   
 |____/ \___\___/ \__,_|\__\___|_|                                      
 Open Source S/W Performance Monitoring  
 Scouter version 2.20.0
 
20231205 22:08:25 Load Account Group File
20231205 22:08:25 Load Account File
20231205 22:08:25 Load Account Group File
20231205 22:08:25 udp listen 0.0.0.0:6100
20231205 22:08:25 	udp_host=0.0.0.0
20231205 22:08:25 	udp_port=6100
20231205 22:08:25 	udp_buffer=65535
20231205 22:08:25 	udp_so_rcvbuf=4194304
20231205 22:08:25 Load Account File
20231205 22:08:25 	tcp_port=6100
20231205 22:08:25 	cp_agent_so_timeout=60000
20231205 22:08:25 	cp_client_so_timeout=8000
20231205 22:08:27 [S104] New OBJECT  objType=tomcat objHash=xtroq6s objName=/tomcat/smpl_1 addr=127.0.0.1 2.20.0 2023-05-29 05:14 GMT_ENV_java8plus alive 2023-12-05 22:08:27.332 {detected=tomcat,ADC=false}
20231205 22:12:39 [S178] Server Shutdown
20231205 22:12:39 [S179] Shutdown scouter.server.db.DBCtr$$anon$1@27f981c6 ...
20231205 22:12:39 [S179] Shutdown scouter.server.core.CoreRun$$anon$1@1b11171f ...
20231205 22:14:46 Scouter Server Version 2.20.0 2023-05-29 05:14 GMT
20231205 22:14:46 [PID]2543
  ____                  _            
 / ___|  ___ ___  _   _| |_ ___ _ __ 
 \___ \ / __/   \| | | | __/ _ \ '__|
  ___) | (_| (+) | |_| | ||  __/ |   
 |____/ \___\___/ \__,_|\__\___|_|                                      
 Open Source S/W Performance Monitoring  
 Scouter version 2.20.0
 
20231205 22:14:46 Load Account Group File
20231205 22:14:46 Load Account File
20231205 22:14:46 Load Account Group File
20231205 22:14:46 udp listen 0.0.0.0:6100
20231205 22:14:46 	udp_host=0.0.0.0
20231205 22:14:46 	udp_port=6100
20231205 22:14:46 	udp_buffer=65535
20231205 22:14:46 	udp_so_rcvbuf=4194304
20231205 22:14:46 Load Account File
20231205 22:14:47 	tcp_port=6100
20231205 22:14:47 	cp_agent_so_timeout=60000
20231205 22:14:47 	cp_client_so_timeout=8000
20231205 22:14:47 [S104] New OBJECT  objType=linux objHash=z1se8sus objName=/tomcat addr=127.0.0.1 2.20.0 2023-05-29 05:14 GMT alive 2023-12-05 22:14:47.751 {detected=linux,podName=,kubeSeq=-1,useKubeSeq=false,hostName=tomcat}
20231205 22:14:48 [S104] New OBJECT  objType=tomcat objHash=xtroq6s objName=/tomcat/smpl_1 addr=127.0.0.1 2.20.0 2023-05-29 05:14 GMT_ENV_java8plus alive 2023-12-05 22:14:48.348 {detected=tomcat,ADC=false}
20231205 22:16:15 [S145] GeoIP db file is not readable : /conf/GeoLiteCity.dat
20231206 00:00:00 [S105] Update OBJECT  objType=tomcat objHash=xtroq6s objName=/tomcat/smpl_1 addr=127.0.0.1 2.20.0 2023-05-29 05:14 GMT_ENV_java8plus alive 2023-12-06 00:00:00.441 {detected=tomcat,ADC=false}
20231206 00:00:02 [S105] Update OBJECT  objType=linux objHash=z1se8sus objName=/tomcat addr=127.0.0.1 2.20.0 2023-05-29 05:14 GMT alive 2023-12-06 00:00:02.092 {detected=linux,podName=,kubeSeq=-1,useKubeSeq=false,hostName=tomcat}
